#
# There is insufficient memory for the Java Runtime Environment to continue.
# Native memory allocation (mmap) failed to map 12288 bytes for committing reserved memory.
# Possible reasons:
#   The system is out of physical RAM or swap space
#   In 32 bit mode, the process size limit was hit
# Possible solutions:
#   Reduce memory load on the system
#   Increase physical memory or swap space
#   Check if swap backing store is full
#   Use 64 bit Java on a 64 bit OS
#   Decrease Java heap size (-Xmx/-Xms)
#   Decrease number of Java threads
#   Decrease Java thread stack sizes (-Xss)
#   Set larger code cache with -XX:ReservedCodeCacheSize=
# This output file may be truncated or incomplete.
#
#  Out of Memory Error (os_linux.cpp:2640), pid=4853, tid=0x00007f3a4b3f3700
#
# JRE version: Java(TM) SE Runtime Environment (8.0_151-b12) (build 1.8.0_151-b12)
# Java VM: Java HotSpot(TM) 64-Bit Server VM (25.151-b12 mixed mode linux-amd64 compressed oops)
# Failed to write core dump. Core dumps have been disabled. To enable core dumping, try "ulimit -c unlimited" before starting Java again
#

---------------  T H R E A D  ---------------

Current thread (0x00007f3a7c001000):  JavaThread "task-scheduler-6" [_thread_new, id=5103, stack(0x00007f3a4b2f3000,0x00007f3a4b3f4000)]

Stack: [0x00007f3a4b2f3000,0x00007f3a4b3f4000],  sp=0x00007f3a4b3f2a20,  free space=1022k
Native frames: (J=compiled Java code, j=interpreted, Vv=VM code, C=native code)
V  [libjvm.so+0xacb58a]  VMError::report_and_die()+0x2ba
V  [libjvm.so+0x4ff4ab]  report_vm_out_of_memory(char const*, int, unsigned long, VMErrorType, char const*)+0x8b
V  [libjvm.so+0x928113]  os::Linux::commit_memory_impl(char*, unsigned long, bool)+0x103
V  [libjvm.so+0x9281dc]  os::pd_commit_memory(char*, unsigned long, bool)+0xc
V  [libjvm.so+0x921baa]  os::commit_memory(char*, unsigned long, bool)+0x2a
V  [libjvm.so+0x9265cf]  os::pd_create_stack_guard_pages(char*, unsigned long)+0x7f
V  [libjvm.so+0xa703ce]  JavaThread::create_stack_guard_pages()+0x5e
V  [libjvm.so+0xa79bb4]  JavaThread::run()+0x34
V  [libjvm.so+0x92a728]  java_start(Thread*)+0x108
C  [libpthread.so.0+0x8184]  start_thread+0xc4


---------------  P R O C E S S  ---------------

Java Threads: ( => current thread )
=>0x00007f3a7c001000 JavaThread "task-scheduler-6" [_thread_new, id=5103, stack(0x00007f3a4b2f3000,0x00007f3a4b3f4000)]
  0x00007f3a5c021000 JavaThread "task-scheduler-5" [_thread_blocked, id=5081, stack(0x00007f3a4b1f2000,0x00007f3a4b2f3000)]
  0x00007f3a64011800 JavaThread "task-scheduler-4" [_thread_in_vm, id=5078, stack(0x00007f3a4b3f4000,0x00007f3a4b4f5000)]
  0x00007f3a4c002000 JavaThread "pool-6-thread-1" [_thread_blocked, id=5006, stack(0x00007f3a936f7000,0x00007f3a937f8000)]
  0x00007f3a54009800 JavaThread "pool-7-thread-1" [_thread_in_vm, id=5005, stack(0x00007f3a4b8f9000,0x00007f3a4b9fa000)]
  0x00007f3a58001800 JavaThread "ServoPollScheduler-3" daemon [_thread_blocked, id=4998, stack(0x00007f3a935f6000,0x00007f3a936f7000)]
  0x00007f3a50005800 JavaThread "ServoPollScheduler-2" daemon [_thread_blocked, id=4994, stack(0x00007f3a4adee000,0x00007f3a4aeef000)]
  0x00007f3a5c01a800 JavaThread "task-scheduler-3" [_thread_blocked, id=4963, stack(0x00007f3a4b7f8000,0x00007f3a4b8f9000)]
  0x00007f3ae0012800 JavaThread "DestroyJavaVM" [_thread_blocked, id=4855, stack(0x00007f3ae5ef6000,0x00007f3ae5ff7000)]
  0x00007f3ae1394800 JavaThread "http-nio-9002-Acceptor-0" daemon [_thread_in_native, id=4961, stack(0x00007f3a4b9fa000,0x00007f3a4bafb000)]
  0x00007f3ae138f800 JavaThread "http-nio-9002-ClientPoller-1" daemon [_thread_in_native, id=4960, stack(0x00007f3a4bafb000,0x00007f3a4bbfc000)]
  0x00007f3ae1381000 JavaThread "http-nio-9002-ClientPoller-0" daemon [_thread_in_native, id=4959, stack(0x00007f3a4bbfc000,0x00007f3a4bcfd000)]
  0x00007f3ae135c000 JavaThread "NioBlockingSelector.BlockPoller-1" daemon [_thread_in_native, id=4957, stack(0x00007f3a4bcfd000,0x00007f3a4bdfe000)]
  0x00007f3ae134c800 JavaThread "task-scheduler-2" [_thread_blocked, id=4956, stack(0x00007f3a4bdfe000,0x00007f3a4beff000)]
  0x00007f3ae134a800 JavaThread "HystrixMetricPoller" [_thread_blocked, id=4955, stack(0x00007f3a4beff000,0x00007f3a4c000000)]
  0x00007f3ae1340800 JavaThread "task-scheduler-1" [_thread_blocked, id=4954, stack(0x00007f3a900f1000,0x00007f3a901f2000)]
  0x00007f3ae1337800 JavaThread "pool-3-thread-2" [_thread_blocked, id=4951, stack(0x00007f3a903f2000,0x00007f3a904f3000)]
  0x00007f3ae1335800 JavaThread "AMQP Connection 127.0.0.1:5672" [_thread_blocked, id=4950, stack(0x00007f3a904f3000,0x00007f3a905f4000)]
  0x00007f3a50004000 JavaThread "ServoPollScheduler-1" daemon [_thread_blocked, id=4945, stack(0x00007f3a905f4000,0x00007f3a906f5000)]
  0x00007f3a50002000 JavaThread "ServoMonitorGetValueLimiter-0" daemon [_thread_blocked, id=4944, stack(0x00007f3a906f5000,0x00007f3a907f6000)]
  0x00007f3ae12ca000 JavaThread "ServoPollScheduler-0" daemon [_thread_blocked, id=4943, stack(0x00007f3a909f6000,0x00007f3a90af7000)]
  0x00007f3ae11ca000 JavaThread "DiscoveryClient-InstanceInfoReplicator-0" daemon [_thread_blocked, id=4938, stack(0x00007f3a90af7000,0x00007f3a90bf8000)]
  0x00007f3ae11c7800 JavaThread "DiscoveryClient-2" daemon [_thread_blocked, id=4937, stack(0x00007f3a90bf8000,0x00007f3a90cf9000)]
  0x00007f3ae11f6000 JavaThread "DiscoveryClient-1" daemon [_thread_blocked, id=4936, stack(0x00007f3a90cf9000,0x00007f3a90dfa000)]
  0x00007f3ae110e000 JavaThread "Eureka-JerseyClient-Conn-Cleaner2" daemon [_thread_blocked, id=4935, stack(0x00007f3a90ffa000,0x00007f3a910fb000)]
  0x00007f3ae1030800 JavaThread "DiscoveryClient-0" daemon [_thread_blocked, id=4932, stack(0x00007f3a91758000,0x00007f3a91859000)]
  0x00007f3ae0fb1800 JavaThread "container-0" [_thread_blocked, id=4929, stack(0x00007f3a91a59000,0x00007f3a91b5a000)]
  0x00007f3a80270800 JavaThread "ContainerBackgroundProcessor[StandardEngine[Tomcat].StandardHost[localhost].StandardContext[]]" daemon [_thread_blocked, id=4928, stack(0x00007f3a91d5a000,0x00007f3a91e5b000)]
  0x00007f3a80191000 JavaThread "MongoCleaner1225097127" daemon [_thread_blocked, id=4921, stack(0x00007f3a91e5b000,0x00007f3a91f5c000)]
  0x00007f3a8018f800 JavaThread "cluster-1-localhost:27017" daemon [_thread_blocked, id=4920, stack(0x00007f3a92df2000,0x00007f3a92ef3000)]
  0x00007f3a78008800 JavaThread "RMI Scheduler(0)" daemon [_thread_blocked, id=4896, stack(0x00007f3a92ff4000,0x00007f3a930f5000)]
  0x00007f3ae08aa800 JavaThread "RMI TCP Accept-0" daemon [_thread_in_native, id=4887, stack(0x00007f3a93af9000,0x00007f3a93bfa000)]
  0x00007f3ae08a0800 JavaThread "RMI TCP Accept-43812" daemon [_thread_in_native, id=4886, stack(0x00007f3a93bfa000,0x00007f3a93cfb000)]
  0x00007f3ae0876000 JavaThread "RMI TCP Accept-0" daemon [_thread_in_native, id=4885, stack(0x00007f3a93cfb000,0x00007f3a93dfc000)]
  0x00007f3ae0792000 JavaThread "Service Thread" daemon [_thread_blocked, id=4882, stack(0x00007f3ac84db000,0x00007f3ac85dc000)]
  0x00007f3ae078f000 JavaThread "C1 CompilerThread2" daemon [_thread_in_vm, id=4881, stack(0x00007f3ac85dc000,0x00007f3ac86dd000)]
  0x00007f3ae078d000 JavaThread "C2 CompilerThread1" daemon [_thread_blocked, id=4880, stack(0x00007f3ac86dd000,0x00007f3ac87de000)]
  0x00007f3ae078b000 JavaThread "C2 CompilerThread0" daemon [_thread_blocked, id=4879, stack(0x00007f3ac89f5000,0x00007f3ac8af6000)]
  0x00007f3ae0789800 JavaThread "Monitor Ctrl-Break" daemon [_thread_in_Java, id=4878, stack(0x00007f3ac8af6000,0x00007f3ac8bf7000)]
  0x00007f3ae0187000 JavaThread "Signal Dispatcher" daemon [_thread_blocked, id=4875, stack(0x00007f3ac8f2a000,0x00007f3ac902b000)]
  0x00007f3ae0153800 JavaThread "Finalizer" daemon [_thread_blocked, id=4869, stack(0x00007f3ac91b4000,0x00007f3ac92b5000)]
  0x00007f3ae014f000 JavaThread "Reference Handler" daemon [_thread_blocked, id=4867, stack(0x00007f3ac92b5000,0x00007f3ac93b6000)]

Other Threads:
  0x00007f3ae0147800 VMThread [stack: 0x00007f3ac93b6000,0x00007f3ac94b7000] [id=4866]
  0x00007f3ae08ae800 WatcherThread [stack: 0x00007f3a939f8000,0x00007f3a93af9000] [id=4888]

VM state:not at safepoint (normal execution)

VM Mutex/Monitor currently owned by a thread:  ([mutex/lock_event])
[0x00007f3ae0009db0] Threads_lock - owner thread: 0x00007f3a64011800

Heap:
 PSYoungGen      total 615936K, used 551315K [0x00000000d6e00000, 0x0000000100000000, 0x0000000100000000)
  eden space 591360K, 89% used [0x00000000d6e00000,0x00000000f706c4c8,0x00000000faf80000)
  from space 24576K, 99% used [0x00000000fe800000,0x00000000ffff8a40,0x0000000100000000)
  to   space 30720K, 0% used [0x00000000fc400000,0x00000000fc400000,0x00000000fe200000)
 ParOldGen       total 99328K, used 42408K [0x0000000084a00000, 0x000000008ab00000, 0x00000000d6e00000)
  object space 99328K, 42% used [0x0000000084a00000,0x000000008736a380,0x000000008ab00000)
 Metaspace       used 46387K, capacity 47400K, committed 47656K, reserved 1091584K
  class space    used 6142K, capacity 6364K, committed 6448K, reserved 1048576K

Card table byte_map: [0x00007f3acf5c0000,0x00007f3acf99c000] byte_map_base: 0x00007f3acf19b000

Marking Bits: (ParMarkBitMap*) 0x00007f3ae53baf80
 Begin Bits: [0x00007f3acb17a000, 0x00007f3acd052000)
 End Bits:   [0x00007f3acd052000, 0x00007f3acef2a000)

Polling page: 0x00007f3ae6008000

CodeCache: size=245760Kb used=11740Kb max_used=11740Kb free=234019Kb
 bounds [0x00007f3acfd5c000, 0x00007f3ad08dc000, 0x00007f3aded5c000]
 total_blobs=6257 nmethods=5759 adapters=410
 compilation: enabled

Compilation events (10 events):
Event: 97.349 Thread 0x00007f3ae078f000 nmethod 5853 0x00007f3ad08cf7d0 code [0x00007f3ad08cf9a0, 0x00007f3ad08cfe98]
Event: 97.837 Thread 0x00007f3ae078f000 5857       1       com.netflix.servo.monitor.LongGauge::getValue (11 bytes)
Event: 97.859 Thread 0x00007f3ae078f000 nmethod 5857 0x00007f3ad08d01d0 code [0x00007f3ad08d0340, 0x00007f3ad08d0488]
Event: 97.863 Thread 0x00007f3ae078f000 5856       1       com.netflix.servo.monitor.LongGauge::getValue (6 bytes)
Event: 97.864 Thread 0x00007f3ae078f000 nmethod 5856 0x00007f3ad08d0550 code [0x00007f3ad08d06c0, 0x00007f3ad08d0808]
Event: 100.763 Thread 0x00007f3ae078f000 5858       1       java.util.concurrent.ConcurrentHashMap::values (27 bytes)
Event: 100.835 Thread 0x00007f3ae078f000 nmethod 5858 0x00007f3ad08d08d0 code [0x00007f3ad08d0a20, 0x00007f3ad08d0bb0]
Event: 101.033 Thread 0x00007f3ae078f000 5859       1       java.util.concurrent.ConcurrentHashMap$ValuesView::iterator (34 bytes)
Event: 128.008 Thread 0x00007f3ae078f000 nmethod 5859 0x00007f3ad08d0c50 code [0x00007f3ad08d0dc0, 0x00007f3ad08d0ff8]
Event: 128.016 Thread 0x00007f3ae078f000 5863       1       java.util.concurrent.locks.AbstractQueuedSynchronizer$ConditionObject::checkInterruptWhileWaiting (27 bytes)

GC Heap History (10 events):
Event: 3.108 GC heap before
{Heap before GC invocations=8 (full 1):
 PSYoungGen      total 265728K, used 253952K [0x00000000d6e00000, 0x00000000e7e00000, 0x0000000100000000)
  eden space 253952K, 100% used [0x00000000d6e00000,0x00000000e6600000,0x00000000e6600000)
  from space 11776K, 0% used [0x00000000e7280000,0x00000000e7280000,0x00000000e7e00000)
  to   space 12288K, 0% used [0x00000000e6600000,0x00000000e6600000,0x00000000e7200000)
 ParOldGen       total 59904K, used 13887K [0x0000000084a00000, 0x0000000088480000, 0x00000000d6e00000)
  object space 59904K, 23% used [0x0000000084a00000,0x000000008578ffb0,0x0000000088480000)
 Metaspace       used 22724K, capacity 23134K, committed 23344K, reserved 1069056K
  class space    used 2977K, capacity 3082K, committed 3120K, reserved 1048576K
Event: 3.121 GC heap after
Heap after GC invocations=8 (full 1):
 PSYoungGen      total 266240K, used 12266K [0x00000000d6e00000, 0x00000000f3e80000, 0x0000000100000000)
  eden space 253952K, 0% used [0x00000000d6e00000,0x00000000d6e00000,0x00000000e6600000)
  from space 12288K, 99% used [0x00000000e6600000,0x00000000e71fa930,0x00000000e7200000)
  to   space 14336K, 0% used [0x00000000f3080000,0x00000000f3080000,0x00000000f3e80000)
 ParOldGen       total 59904K, used 14572K [0x0000000084a00000, 0x0000000088480000, 0x00000000d6e00000)
  object space 59904K, 24% used [0x0000000084a00000,0x000000008583b2a0,0x0000000088480000)
 Metaspace       used 22724K, capacity 23134K, committed 23344K, reserved 1069056K
  class space    used 2977K, capacity 3082K, committed 3120K, reserved 1048576K
}
Event: 4.134 GC heap before
{Heap before GC invocations=9 (full 1):
 PSYoungGen      total 266240K, used 266218K [0x00000000d6e00000, 0x00000000f3e80000, 0x0000000100000000)
  eden space 253952K, 100% used [0x00000000d6e00000,0x00000000e6600000,0x00000000e6600000)
  from space 12288K, 99% used [0x00000000e6600000,0x00000000e71fa930,0x00000000e7200000)
  to   space 14336K, 0% used [0x00000000f3080000,0x00000000f3080000,0x00000000f3e80000)
 ParOldGen       total 59904K, used 14572K [0x0000000084a00000, 0x0000000088480000, 0x00000000d6e00000)
  object space 59904K, 24% used [0x0000000084a00000,0x000000008583b2a0,0x0000000088480000)
 Metaspace       used 29855K, capacity 30302K, committed 30384K, reserved 1075200K
  class space    used 3894K, capacity 4010K, committed 4016K, reserved 1048576K
Event: 4.160 GC heap after
Heap after GC invocations=9 (full 1):
 PSYoungGen      total 455680K, used 14314K [0x00000000d6e00000, 0x00000000f4100000, 0x0000000100000000)
  eden space 441344K, 0% used [0x00000000d6e00000,0x00000000d6e00000,0x00000000f1d00000)
  from space 14336K, 99% used [0x00000000f3080000,0x00000000f3e7a850,0x00000000f3e80000)
  to   space 18432K, 0% used [0x00000000f1d00000,0x00000000f1d00000,0x00000000f2f00000)
 ParOldGen       total 59904K, used 19406K [0x0000000084a00000, 0x0000000088480000, 0x00000000d6e00000)
  object space 59904K, 32% used [0x0000000084a00000,0x0000000085cf3b28,0x0000000088480000)
 Metaspace       used 29855K, capacity 30302K, committed 30384K, reserved 1075200K
  class space    used 3894K, capacity 4010K, committed 4016K, reserved 1048576K
}
Event: 5.653 GC heap before
{Heap before GC invocations=10 (full 1):
 PSYoungGen      total 455680K, used 415416K [0x00000000d6e00000, 0x00000000f4100000, 0x0000000100000000)
  eden space 441344K, 90% used [0x00000000d6e00000,0x00000000ef5b39c0,0x00000000f1d00000)
  from space 14336K, 99% used [0x00000000f3080000,0x00000000f3e7a850,0x00000000f3e80000)
  to   space 18432K, 0% used [0x00000000f1d00000,0x00000000f1d00000,0x00000000f2f00000)
 ParOldGen       total 59904K, used 19406K [0x0000000084a00000, 0x0000000088480000, 0x00000000d6e00000)
  object space 59904K, 32% used [0x0000000084a00000,0x0000000085cf3b28,0x0000000088480000)
 Metaspace       used 34787K, capacity 35342K, committed 35496K, reserved 1079296K
  class space    used 4595K, capacity 4749K, committed 4784K, reserved 1048576K
Event: 5.672 GC heap after
Heap after GC invocations=10 (full 1):
 PSYoungGen      total 459776K, used 18423K [0x00000000d6e00000, 0x0000000100000000, 0x0000000100000000)
  eden space 441344K, 0% used [0x00000000d6e00000,0x00000000d6e00000,0x00000000f1d00000)
  from space 18432K, 99% used [0x00000000f1d00000,0x00000000f2efde68,0x00000000f2f00000)
  to   space 24576K, 0% used [0x00000000fe800000,0x00000000fe800000,0x0000000100000000)
 ParOldGen       total 59904K, used 28210K [0x0000000084a00000, 0x0000000088480000, 0x00000000d6e00000)
  object space 59904K, 47% used [0x0000000084a00000,0x000000008658cb18,0x0000000088480000)
 Metaspace       used 34787K, capacity 35342K, committed 35496K, reserved 1079296K
  class space    used 4595K, capacity 4749K, committed 4784K, reserved 1048576K
}
Event: 5.672 GC heap before
{Heap before GC invocations=11 (full 2):
 PSYoungGen      total 459776K, used 18423K [0x00000000d6e00000, 0x0000000100000000, 0x0000000100000000)
  eden space 441344K, 0% used [0x00000000d6e00000,0x00000000d6e00000,0x00000000f1d00000)
  from space 18432K, 99% used [0x00000000f1d00000,0x00000000f2efde68,0x00000000f2f00000)
  to   space 24576K, 0% used [0x00000000fe800000,0x00000000fe800000,0x0000000100000000)
 ParOldGen       total 59904K, used 28210K [0x0000000084a00000, 0x0000000088480000, 0x00000000d6e00000)
  object space 59904K, 47% used [0x0000000084a00000,0x000000008658cb18,0x0000000088480000)
 Metaspace       used 34787K, capacity 35342K, committed 35496K, reserved 1079296K
  class space    used 4595K, capacity 4749K, committed 4784K, reserved 1048576K
Event: 5.767 GC heap after
Heap after GC invocations=11 (full 2):
 PSYoungGen      total 459776K, used 0K [0x00000000d6e00000, 0x0000000100000000, 0x0000000100000000)
  eden space 441344K, 0% used [0x00000000d6e00000,0x00000000d6e00000,0x00000000f1d00000)
  from space 18432K, 0% used [0x00000000f1d00000,0x00000000f1d00000,0x00000000f2f00000)
  to   space 24576K, 0% used [0x00000000fe800000,0x00000000fe800000,0x0000000100000000)
 ParOldGen       total 99328K, used 35334K [0x0000000084a00000, 0x000000008ab00000, 0x00000000d6e00000)
  object space 99328K, 35% used [0x0000000084a00000,0x0000000086c81938,0x000000008ab00000)
 Metaspace       used 34787K, capacity 35342K, committed 35496K, reserved 1079296K
  class space    used 4595K, capacity 4749K, committed 4784K, reserved 1048576K
}
Event: 7.441 GC heap before
{Heap before GC invocations=12 (full 2):
 PSYoungGen      total 459776K, used 441344K [0x00000000d6e00000, 0x0000000100000000, 0x0000000100000000)
  eden space 441344K, 100% used [0x00000000d6e00000,0x00000000f1d00000,0x00000000f1d00000)
  from space 18432K, 0% used [0x00000000f1d00000,0x00000000f1d00000,0x00000000f2f00000)
  to   space 24576K, 0% used [0x00000000fe800000,0x00000000fe800000,0x0000000100000000)
 ParOldGen       total 99328K, used 35334K [0x0000000084a00000, 0x000000008ab00000, 0x00000000d6e00000)
  object space 99328K, 35% used [0x0000000084a00000,0x0000000086c81938,0x000000008ab00000)
 Metaspace       used 42447K, capacity 43210K, committed 43432K, reserved 1087488K
  class space    used 5648K, capacity 5808K, committed 5808K, reserved 1048576K
Event: 7.465 GC heap after
Heap after GC invocations=12 (full 2):
 PSYoungGen      total 615936K, used 24546K [0x00000000d6e00000, 0x0000000100000000, 0x0000000100000000)
  eden space 591360K, 0% used [0x00000000d6e00000,0x00000000d6e00000,0x00000000faf80000)
  from space 24576K, 99% used [0x00000000fe800000,0x00000000ffff8a40,0x0000000100000000)
  to   space 30720K, 0% used [0x00000000fc400000,0x00000000fc400000,0x00000000fe200000)
 ParOldGen       total 99328K, used 42408K [0x0000000084a00000, 0x000000008ab00000, 0x00000000d6e00000)
  object space 99328K, 42% used [0x0000000084a00000,0x000000008736a380,0x000000008ab00000)
 Metaspace       used 42447K, capacity 43210K, committed 43432K, reserved 1087488K
  class space    used 5648K, capacity 5808K, committed 5808K, reserved 1048576K
}

Deoptimization events (0 events):
No events

Internal exceptions (10 events):
Event: 69.050 Thread 0x00007f3ae1340800 Exception <a 'java/lang/ArrayIndexOutOfBoundsException'> (0x00000000f5f31a08) thrown at [/HUDSON/workspace/8-2-build-linux-amd64/jdk8u151/9699/hotspot/src/share/vm/runtime/sharedRuntime.cpp, line 605]
Event: 83.250 Thread 0x00007f3ae1335800 Exception <a 'java/net/SocketTimeoutException': Read timed out> (0x00000000eccee8a8) thrown at [/HUDSON/workspace/8-2-build-linux-amd64/jdk8u151/9699/hotspot/src/share/vm/prims/jni.cpp, line 735]
Event: 96.789 Thread 0x00007f3a54009800 Exception <a 'java/net/SocketTimeoutException': Read timed out> (0x00000000f4ae4f70) thrown at [/HUDSON/workspace/8-2-build-linux-amd64/jdk8u151/9699/hotspot/src/share/vm/prims/jni.cpp, line 735]
Event: 96.795 Thread 0x00007f3a4c002000 Exception <a 'java/net/SocketTimeoutException': Read timed out> (0x00000000f4f429f0) thrown at [/HUDSON/workspace/8-2-build-linux-amd64/jdk8u151/9699/hotspot/src/share/vm/prims/jni.cpp, line 735]
Event: 98.299 Thread 0x00007f3ae1335800 Exception <a 'java/net/SocketTimeoutException': Read timed out> (0x00000000ecceeb00) thrown at [/HUDSON/workspace/8-2-build-linux-amd64/jdk8u151/9699/hotspot/src/share/vm/prims/jni.cpp, line 735]
Event: 115.034 Thread 0x00007f3ae1335800 Exception <a 'java/net/SocketTimeoutException': Read timed out> (0x00000000ecceed58) thrown at [/HUDSON/workspace/8-2-build-linux-amd64/jdk8u151/9699/hotspot/src/share/vm/prims/jni.cpp, line 735]
Event: 156.976 Thread 0x00007f3ae1335800 Exception <a 'java/net/SocketTimeoutException': Read timed out> (0x00000000ecceefb0) thrown at [/HUDSON/workspace/8-2-build-linux-amd64/jdk8u151/9699/hotspot/src/share/vm/prims/jni.cpp, line 735]
Event: 162.001 Thread 0x00007f3a54009800 Exception <a 'java/net/SocketTimeoutException': Read timed out> (0x00000000f4af1590) thrown at [/HUDSON/workspace/8-2-build-linux-amd64/jdk8u151/9699/hotspot/src/share/vm/prims/jni.cpp, line 735]
Event: 176.059 Thread 0x00007f3a8018f800 Exception <a 'java/net/SocketTimeoutException': Read timed out> (0x00000000f374fe28) thrown at [/HUDSON/workspace/8-2-build-linux-amd64/jdk8u151/9699/hotspot/src/share/vm/prims/jni.cpp, line 735]
Event: 212.889 Thread 0x00007f3a4c002000 Exception <a 'java/net/SocketTimeoutException': Read timed out> (0x00000000f4f4d158) thrown at [/HUDSON/workspace/8-2-build-linux-amd64/jdk8u151/9699/hotspot/src/share/vm/prims/jni.cpp, line 735]

Events (10 events):
Event: 170.964 loading class com/fasterxml/jackson/datatype/jsr310$JavaTimeModule
Event: 170.964 loading class com/fasterxml/jackson/datatype/jsr310$JavaTimeModule done
Event: 170.965 loading class com/fasterxml/jackson/datatype/jsr310/JSR310Module
Event: 170.965 loading class com/fasterxml/jackson/datatype/jsr310/JSR310Module done
Event: 170.965 loading class com/fasterxml/jackson/datatype/jsr310$JSR310Module
Event: 170.965 loading class com/fasterxml/jackson/datatype/jsr310$JSR310Module done
Event: 170.966 loading class org/joda/time/LocalDate
Event: 170.966 loading class org/joda/time/LocalDate done
Event: 170.966 loading class org/joda/time$LocalDate
Event: 170.966 loading class org/joda/time$LocalDate done


Dynamic libraries:
00400000-00401000 r-xp 00000000 08:01 409285                             /usr/lib/jvm/java-8-oracle/bin/java
00600000-00601000 rw-p 00000000 08:01 409285                             /usr/lib/jvm/java-8-oracle/bin/java
00dd8000-00e1f000 rw-p 00000000 00:00 0                                  [heap]
84a00000-8ab00000 rw-p 00000000 00:00 0 
8ab00000-d6e00000 ---p 00000000 00:00 0 
d6e00000-100000000 rw-p 00000000 00:00 0 
100000000-10064c000 rw-p 00000000 00:00 0 
10064c000-140000000 ---p 00000000 00:00 0 
7f3a4abee000-7f3a4ac2e000 rw-p 00000000 00:00 0 
7f3a4ac2e000-7f3a4adee000 ---p 00000000 00:00 0 
7f3a4adee000-7f3a4adf1000 ---p 00000000 00:00 0 
7f3a4adf1000-7f3a4aeef000 rw-p 00000000 00:00 0                          [stack:4994]
7f3a4aeef000-7f3a4aef2000 ---p 00000000 00:00 0 
7f3a4aef2000-7f3a4aff0000 rw-p 00000000 00:00 0 
7f3a4aff0000-7f3a4aff3000 ---p 00000000 00:00 0 
7f3a4aff3000-7f3a4b0f1000 rw-p 00000000 00:00 0 
7f3a4b0f1000-7f3a4b0f4000 ---p 00000000 00:00 0 
7f3a4b0f4000-7f3a4b1f2000 rw-p 00000000 00:00 0 
7f3a4b1f2000-7f3a4b1f5000 ---p 00000000 00:00 0 
7f3a4b1f5000-7f3a4b2f3000 rw-p 00000000 00:00 0                          [stack:5081]
7f3a4b2f6000-7f3a4b3f4000 rw-p 00000000 00:00 0                          [stack:5103]
7f3a4b3f4000-7f3a4b3f7000 ---p 00000000 00:00 0 
7f3a4b3f7000-7f3a4b4f5000 rw-p 00000000 00:00 0                          [stack:5078]
7f3a4b4f5000-7f3a4b4f8000 ---p 00000000 00:00 0 
7f3a4b4f8000-7f3a4b5f6000 rw-p 00000000 00:00 0 
7f3a4b5f6000-7f3a4b5f9000 ---p 00000000 00:00 0 
7f3a4b5f9000-7f3a4b6f7000 rw-p 00000000 00:00 0 
7f3a4b6f7000-7f3a4b6fa000 ---p 00000000 00:00 0 
7f3a4b6fa000-7f3a4b7f8000 rw-p 00000000 00:00 0 
7f3a4b7f8000-7f3a4b7fb000 ---p 00000000 00:00 0 
7f3a4b7fb000-7f3a4b8f9000 rw-p 00000000 00:00 0                          [stack:4963]
7f3a4b8f9000-7f3a4b8fc000 ---p 00000000 00:00 0 
7f3a4b8fc000-7f3a4b9fa000 rw-p 00000000 00:00 0                          [stack:5005]
7f3a4b9fa000-7f3a4b9fd000 ---p 00000000 00:00 0 
7f3a4b9fd000-7f3a4bafb000 rw-p 00000000 00:00 0                          [stack:4961]
7f3a4bafb000-7f3a4bafe000 ---p 00000000 00:00 0 
7f3a4bafe000-7f3a4bbfc000 rw-p 00000000 00:00 0                          [stack:4960]
7f3a4bbfc000-7f3a4bbff000 ---p 00000000 00:00 0 
7f3a4bbff000-7f3a4bcfd000 rw-p 00000000 00:00 0                          [stack:4959]
7f3a4bcfd000-7f3a4bd00000 ---p 00000000 00:00 0 
7f3a4bd00000-7f3a4bdfe000 rw-p 00000000 00:00 0                          [stack:4957]
7f3a4bdfe000-7f3a4be01000 ---p 00000000 00:00 0 
7f3a4be01000-7f3a4beff000 rw-p 00000000 00:00 0                          [stack:4956]
7f3a4beff000-7f3a4bf02000 ---p 00000000 00:00 0 
7f3a4bf02000-7f3a4c000000 rw-p 00000000 00:00 0                          [stack:4955]
7f3a4c000000-7f3a4c021000 rw-p 00000000 00:00 0 
7f3a4c021000-7f3a50000000 ---p 00000000 00:00 0 
7f3a50000000-7f3a50021000 rw-p 00000000 00:00 0 
7f3a50021000-7f3a54000000 ---p 00000000 00:00 0 
7f3a54000000-7f3a54021000 rw-p 00000000 00:00 0 
7f3a54021000-7f3a58000000 ---p 00000000 00:00 0 
7f3a58000000-7f3a58021000 rw-p 00000000 00:00 0 
7f3a58021000-7f3a5c000000 ---p 00000000 00:00 0 
7f3a5c000000-7f3a5c026000 rw-p 00000000 00:00 0 
7f3a5c026000-7f3a60000000 ---p 00000000 00:00 0 
7f3a60000000-7f3a60021000 rw-p 00000000 00:00 0 
7f3a60021000-7f3a64000000 ---p 00000000 00:00 0 
7f3a64000000-7f3a6402f000 rw-p 00000000 00:00 0 
7f3a6402f000-7f3a68000000 ---p 00000000 00:00 0 
7f3a68000000-7f3a68021000 rw-p 00000000 00:00 0 
7f3a68021000-7f3a6c000000 ---p 00000000 00:00 0 
7f3a6c000000-7f3a6c021000 rw-p 00000000 00:00 0 
7f3a6c021000-7f3a70000000 ---p 00000000 00:00 0 
7f3a70000000-7f3a70021000 rw-p 00000000 00:00 0 
7f3a70021000-7f3a74000000 ---p 00000000 00:00 0 
7f3a74000000-7f3a740c0000 rw-p 00000000 00:00 0 
7f3a740c0000-7f3a78000000 ---p 00000000 00:00 0 
7f3a78000000-7f3a78021000 rw-p 00000000 00:00 0 
7f3a78021000-7f3a7c000000 ---p 00000000 00:00 0 
7f3a7c000000-7f3a7c021000 rw-p 00000000 00:00 0 
7f3a7c021000-7f3a80000000 ---p 00000000 00:00 0 
7f3a80000000-7f3a8030d000 rw-p 00000000 00:00 0 
7f3a8030d000-7f3a84000000 ---p 00000000 00:00 0 
7f3a84000000-7f3a842ac000 rw-p 00000000 00:00 0 
7f3a842ac000-7f3a88000000 ---p 00000000 00:00 0 
7f3a88000000-7f3a88021000 rw-p 00000000 00:00 0 
7f3a88021000-7f3a8c000000 ---p 00000000 00:00 0 
7f3a8c000000-7f3a8c021000 rw-p 00000000 00:00 0 
7f3a8c021000-7f3a90000000 ---p 00000000 00:00 0 
7f3a900f1000-7f3a900f4000 ---p 00000000 00:00 0 
7f3a900f4000-7f3a903f2000 rw-p 00000000 00:00 0                          [stack:4954]
7f3a903f2000-7f3a903f5000 ---p 00000000 00:00 0 
7f3a903f5000-7f3a904f3000 rw-p 00000000 00:00 0                          [stack:4951]
7f3a904f3000-7f3a904f6000 ---p 00000000 00:00 0 
7f3a904f6000-7f3a905f4000 rw-p 00000000 00:00 0                          [stack:4950]
7f3a905f4000-7f3a905f7000 ---p 00000000 00:00 0 
7f3a905f7000-7f3a906f5000 rw-p 00000000 00:00 0                          [stack:4945]
7f3a906f5000-7f3a906f8000 ---p 00000000 00:00 0 
7f3a906f8000-7f3a909f6000 rw-p 00000000 00:00 0                          [stack:4944]
7f3a909f6000-7f3a909f9000 ---p 00000000 00:00 0 
7f3a909f9000-7f3a90af7000 rw-p 00000000 00:00 0                          [stack:4943]
7f3a90af7000-7f3a90afa000 ---p 00000000 00:00 0 
7f3a90afa000-7f3a90bf8000 rw-p 00000000 00:00 0                          [stack:4938]
7f3a90bf8000-7f3a90bfb000 ---p 00000000 00:00 0 
7f3a90bfb000-7f3a90cf9000 rw-p 00000000 00:00 0                          [stack:4937]
7f3a90cf9000-7f3a90cfc000 ---p 00000000 00:00 0 
7f3a90cfc000-7f3a90ffa000 rw-p 00000000 00:00 0                          [stack:4936]
7f3a90ffa000-7f3a90ffd000 ---p 00000000 00:00 0 
7f3a90ffd000-7f3a912fb000 rw-p 00000000 00:00 0                          [stack:4935]
7f3a912fb000-7f3a91311000 r-xp 00000000 08:01 2896                       /lib/x86_64-linux-gnu/libgcc_s.so.1
7f3a91311000-7f3a91510000 ---p 00016000 08:01 2896                       /lib/x86_64-linux-gnu/libgcc_s.so.1
7f3a91510000-7f3a91511000 rw-p 00015000 08:01 2896                       /lib/x86_64-linux-gnu/libgcc_s.so.1
7f3a91511000-7f3a91543000 r-xp 00000000 08:01 409057                     /usr/lib/jvm/java-8-oracle/jre/lib/amd64/libsunec.so
7f3a91543000-7f3a91742000 ---p 00032000 08:01 409057                     /usr/lib/jvm/java-8-oracle/jre/lib/amd64/libsunec.so
7f3a91742000-7f3a91748000 rw-p 00031000 08:01 409057                     /usr/lib/jvm/java-8-oracle/jre/lib/amd64/libsunec.so
7f3a91748000-7f3a91758000 rw-p 00000000 00:00 0 
7f3a91758000-7f3a9175b000 ---p 00000000 00:00 0 
7f3a9175b000-7f3a91a59000 rw-p 00000000 00:00 0                          [stack:4932]
7f3a91a59000-7f3a91a5c000 ---p 00000000 00:00 0 
7f3a91a5c000-7f3a91d58000 rw-p 00000000 00:00 0                          [stack:4929]
7f3a91d58000-7f3a91d5a000 ---p 00000000 00:00 0 
7f3a91d5a000-7f3a91d5d000 ---p 00000000 00:00 0 
7f3a91d5d000-7f3a91e5b000 rw-p 00000000 00:00 0                          [stack:4928]
7f3a91e5b000-7f3a91e5e000 ---p 00000000 00:00 0 
7f3a91e5e000-7f3a9215c000 rw-p 00000000 00:00 0                          [stack:4921]
7f3a9215c000-7f3a9235c000 rw-p 00000000 00:00 0 
7f3a9235c000-7f3a9255c000 rw-p 00000000 00:00 0 
7f3a9255c000-7f3a9275c000 rw-p 00000000 00:00 0 
7f3a9275c000-7f3a9295c000 rw-p 00000000 00:00 0 
7f3a9295c000-7f3a92b5c000 rw-p 00000000 00:00 0 
7f3a92b5c000-7f3a92bf2000 r--s 01110000 08:01 408928                     /usr/lib/jvm/java-8-oracle/jre/lib/ext/jfxrt.jar
7f3a92bf2000-7f3a92df2000 rw-p 00000000 00:00 0 
7f3a92df2000-7f3a92df5000 ---p 00000000 00:00 0 
7f3a92df5000-7f3a92ef3000 rw-p 00000000 00:00 0                          [stack:4920]
7f3a92ef3000-7f3a92ef6000 ---p 00000000 00:00 0 
7f3a92ef6000-7f3a92ff4000 rw-p 00000000 00:00 0 
7f3a92ff4000-7f3a92ff7000 ---p 00000000 00:00 0 
7f3a92ff7000-7f3a932f5000 rw-p 00000000 00:00 0                          [stack:4896]
7f3a932f5000-7f3a932f8000 ---p 00000000 00:00 0 
7f3a932f8000-7f3a935f6000 rw-p 00000000 00:00 0 
7f3a935f6000-7f3a935f9000 ---p 00000000 00:00 0 
7f3a935f9000-7f3a936f7000 rw-p 00000000 00:00 0                          [stack:4998]
7f3a936f7000-7f3a936fa000 ---p 00000000 00:00 0 
7f3a936fa000-7f3a939f8000 rw-p 00000000 00:00 0                          [stack:5006]
7f3a939f8000-7f3a939f9000 ---p 00000000 00:00 0 
7f3a939f9000-7f3a93af9000 rw-p 00000000 00:00 0                          [stack:4888]
7f3a93af9000-7f3a93afc000 ---p 00000000 00:00 0 
7f3a93afc000-7f3a93bfa000 rw-p 00000000 00:00 0                          [stack:4887]
7f3a93bfa000-7f3a93bfd000 ---p 00000000 00:00 0 
7f3a93bfd000-7f3a93cfb000 rw-p 00000000 00:00 0                          [stack:4886]
7f3a93cfb000-7f3a93cfe000 ---p 00000000 00:00 0 
7f3a93cfe000-7f3a93dfc000 rw-p 00000000 00:00 0                          [stack:4885]
7f3a93dfc000-7f3a93dff000 r-xp 00000000 08:01 59190                      /lib/x86_64-linux-gnu/libnss_myhostname.so.2
7f3a93dff000-7f3a93ffe000 ---p 00003000 08:01 59190                      /lib/x86_64-linux-gnu/libnss_myhostname.so.2
7f3a93ffe000-7f3a93fff000 r--p 00002000 08:01 59190                      /lib/x86_64-linux-gnu/libnss_myhostname.so.2
7f3a93fff000-7f3a94000000 rw-p 00003000 08:01 59190                      /lib/x86_64-linux-gnu/libnss_myhostname.so.2
7f3a94000000-7f3a9484e000 rw-p 00000000 00:00 0 
7f3a9484e000-7f3a98000000 ---p 00000000 00:00 0 
7f3a98000000-7f3a98021000 rw-p 00000000 00:00 0 
7f3a98021000-7f3a9c000000 ---p 00000000 00:00 0 
7f3a9c000000-7f3a9c066000 rw-p 00000000 00:00 0 
7f3a9c066000-7f3aa0000000 ---p 00000000 00:00 0 
7f3aa0000000-7f3aa0021000 rw-p 00000000 00:00 0 
7f3aa0021000-7f3aa4000000 ---p 00000000 00:00 0 
7f3aa4000000-7f3aa4021000 rw-p 00000000 00:00 0 
7f3aa4021000-7f3aa8000000 ---p 00000000 00:00 0 
7f3aa8000000-7f3aa806d000 rw-p 00000000 00:00 0 
7f3aa806d000-7f3aac000000 ---p 00000000 00:00 0 
7f3aac000000-7f3aac021000 rw-p 00000000 00:00 0 
7f3aac021000-7f3ab0000000 ---p 00000000 00:00 0 
7f3ab0000000-7f3ab0021000 rw-p 00000000 00:00 0 
7f3ab0021000-7f3ab4000000 ---p 00000000 00:00 0 
7f3ab4000000-7f3ab4021000 rw-p 00000000 00:00 0 
7f3ab4021000-7f3ab8000000 ---p 00000000 00:00 0 
7f3ab8000000-7f3ab807a000 rw-p 00000000 00:00 0 
7f3ab807a000-7f3abc000000 ---p 00000000 00:00 0 
7f3abc000000-7f3abc021000 rw-p 00000000 00:00 0 
7f3abc021000-7f3ac0000000 ---p 00000000 00:00 0 
7f3ac0000000-7f3ac0021000 rw-p 00000000 00:00 0 
7f3ac0021000-7f3ac4000000 ---p 00000000 00:00 0 
7f3ac4000000-7f3ac4021000 rw-p 00000000 00:00 0 
7f3ac4021000-7f3ac8000000 ---p 00000000 00:00 0 
7f3ac8087000-7f3ac8089000 rw-p 00000000 00:00 0 
7f3ac8089000-7f3ac808b000 r--s 00009000 08:01 408932                     /usr/lib/jvm/java-8-oracle/jre/lib/ext/sunec.jar
7f3ac808b000-7f3ac808e000 r--s 0003a000 08:01 408931                     /usr/lib/jvm/java-8-oracle/jre/lib/ext/sunpkcs11.jar
7f3ac808e000-7f3ac8091000 r--s 0001a000 08:01 409230                     /usr/lib/jvm/java-8-oracle/jre/lib/jce.jar
7f3ac8091000-7f3ac809b000 r--s 00116000 08:01 408934                     /usr/lib/jvm/java-8-oracle/jre/lib/ext/localedata.jar
7f3ac809b000-7f3ac80b7000 r--s 00393000 08:01 408926                     /usr/lib/jvm/java-8-oracle/jre/lib/ext/cldrdata.jar
7f3ac80b7000-7f3ac80bc000 r--s 002f9000 08:01 408919                     /usr/lib/jvm/java-8-oracle/jre/lib/charsets.jar
7f3ac80bc000-7f3ac80c1000 r--s 0009a000 08:01 409160                     /usr/lib/jvm/java-8-oracle/jre/lib/jsse.jar
7f3ac80c1000-7f3ac80d2000 r-xp 00000000 08:01 409068                     /usr/lib/jvm/java-8-oracle/jre/lib/amd64/libnio.so
7f3ac80d2000-7f3ac82d1000 ---p 00011000 08:01 409068                     /usr/lib/jvm/java-8-oracle/jre/lib/amd64/libnio.so
7f3ac82d1000-7f3ac82d2000 rw-p 00010000 08:01 409068                     /usr/lib/jvm/java-8-oracle/jre/lib/amd64/libnio.so
7f3ac82d2000-7f3ac82db000 r-xp 00000000 08:01 409053                     /usr/lib/jvm/java-8-oracle/jre/lib/amd64/libmanagement.so
7f3ac82db000-7f3ac84da000 ---p 00009000 08:01 409053                     /usr/lib/jvm/java-8-oracle/jre/lib/amd64/libmanagement.so
7f3ac84da000-7f3ac84db000 rw-p 00008000 08:01 409053                     /usr/lib/jvm/java-8-oracle/jre/lib/amd64/libmanagement.so
7f3ac84db000-7f3ac84de000 ---p 00000000 00:00 0 
7f3ac84de000-7f3ac85dc000 rw-p 00000000 00:00 0                          [stack:4882]
7f3ac85dc000-7f3ac85df000 ---p 00000000 00:00 0 
7f3ac85df000-7f3ac86dd000 rw-p 00000000 00:00 0                          [stack:4881]
7f3ac86dd000-7f3ac86e0000 ---p 00000000 00:00 0 
7f3ac86e0000-7f3ac87de000 rw-p 00000000 00:00 0                          [stack:4880]
7f3ac87de000-7f3ac87f5000 r-xp 00000000 08:01 409066                     /usr/lib/jvm/java-8-oracle/jre/lib/amd64/libnet.so
7f3ac87f5000-7f3ac89f4000 ---p 00017000 08:01 409066                     /usr/lib/jvm/java-8-oracle/jre/lib/amd64/libnet.so
7f3ac89f4000-7f3ac89f5000 rw-p 00016000 08:01 409066                     /usr/lib/jvm/java-8-oracle/jre/lib/amd64/libnet.so
7f3ac89f5000-7f3ac89f8000 ---p 00000000 00:00 0 
7f3ac89f8000-7f3ac8af6000 rw-p 00000000 00:00 0                          [stack:4879]
7f3ac8af6000-7f3ac8af9000 ---p 00000000 00:00 0 
7f3ac8af9000-7f3ac8bf7000 rw-p 00000000 00:00 0                          [stack:4878]
7f3ac8bf7000-7f3ac8bf9000 r--s 0001a000 08:01 667202                     /usr/local/idea/idea-IU-172.4343.14/lib/idea_rt.jar
7f3ac8bf9000-7f3ac8bfa000 r--s 00005000 08:01 1473488                    /home/vagrant/.m2/repository/org/slf4j/log4j-over-slf4j/1.7.13/log4j-over-slf4j-1.7.13.jar
7f3ac8bfa000-7f3ac8bfc000 r--s 00000000 08:01 1473486                    /home/vagrant/.m2/repository/org/slf4j/jul-to-slf4j/1.7.13/jul-to-slf4j-1.7.13.jar
7f3ac8bfc000-7f3ac8c07000 r--s 00065000 08:01 931708                     /home/vagrant/.m2/repository/ch/qos/logback/logback-core/1.1.3/logback-core-1.1.3.jar
7f3ac8c07000-7f3ac8c0d000 r--s 0003f000 08:01 675503                     /home/vagrant/.m2/repository/ch/qos/logback/logback-classic/1.1.3/logback-classic-1.1.3.jar
7f3ac8c0d000-7f3ac8c0e000 r--s 00000000 08:01 1194496                    /home/vagrant/.m2/repository/org/springframework/boot/spring-boot-starter-logging/1.3.0.RELEASE/spring-boot-starter-logging-1.3.0.RELEASE.jar
7f3ac8c0e000-7f3ac8c10000 r--s 0000e000 08:01 2098886                    /home/vagrant/.m2/repository/org/springframework/integration/spring-integration-amqp/4.2.0.RELEASE/spring-integration-amqp-4.2.0.RELEASE.jar
7f3ac8c10000-7f3ac8c1a000 r--s 0005d000 08:01 2098893                    /home/vagrant/.m2/repository/com/rabbitmq/amqp-client/3.5.6/amqp-client-3.5.6.jar
7f3ac8c1a000-7f3ac8c1c000 r--s 0000a000 08:01 2098887                    /home/vagrant/.m2/repository/com/rabbitmq/http-client/1.0.0.RELEASE/http-client-1.0.0.RELEASE.jar
7f3ac8c1c000-7f3ac8c20000 r--s 00017000 08:01 2098891                    /home/vagrant/.m2/repository/org/springframework/amqp/spring-amqp/1.5.2.RELEASE/spring-amqp-1.5.2.RELEASE.jar
7f3ac8c20000-7f3ac8c27000 r--s 00057000 08:01 2098894                    /home/vagrant/.m2/repository/org/springframework/amqp/spring-rabbit/1.5.2.RELEASE/spring-rabbit-1.5.2.RELEASE.jar
7f3ac8c27000-7f3ac8c28000 r--s 00000000 08:01 2098878                    /home/vagrant/.m2/repository/org/springframework/boot/spring-boot-starter-amqp/1.3.0.RELEASE/spring-boot-starter-amqp-1.3.0.RELEASE.jar
7f3ac8c28000-7f3ac8c2a000 r--s 00000000 08:01 2098885                    /home/vagrant/.m2/repository/org/springframework/cloud/spring-cloud-stream-codec/1.0.0.M2/spring-cloud-stream-codec-1.0.0.M2.jar
7f3ac8c2a000-7f3ac8c2e000 r--s 00017000 08:01 2098889                    /home/vagrant/.m2/repository/org/springframework/retry/spring-retry/1.1.2.RELEASE/spring-retry-1.1.2.RELEASE.jar
7f3ac8c2e000-7f3ac8c30000 r--s 00009000 08:01 2098881                    /home/vagrant/.m2/repository/org/springframework/cloud/spring-cloud-stream-binder-spi/1.0.0.M2/spring-cloud-stream-binder-spi-1.0.0.M2.jar
7f3ac8c30000-7f3ac8c32000 r--s 00009000 08:01 2098880                    /home/vagrant/.m2/repository/org/springframework/cloud/spring-cloud-stream-binder-rabbit/1.0.0.M2/spring-cloud-stream-binder-rabbit-1.0.0.M2.jar
7f3ac8c32000-7f3ac8c48000 r--s 000da000 08:01 2098895                    /home/vagrant/.m2/repository/org/springframework/integration/spring-integration-core/4.2.0.RELEASE/spring-integration-core-4.2.0.RELEASE.jar
7f3ac8c48000-7f3ac8c49000 r--s 00001000 08:01 2098876                    /home/vagrant/.m2/repository/com/esotericsoftware/minlog/1.3.0/minlog-1.3.0.jar
7f3ac8c49000-7f3ac8c50000 r--s 00051000 08:01 1846331                    /home/vagrant/.m2/repository/com/esotericsoftware/kryo-shaded/3.0.3/kryo-shaded-3.0.3.jar
7f3ac8c50000-7f3ac8c52000 r--s 00007000 08:01 1194622                    /home/vagrant/.m2/repository/org/springframework/cloud/spring-cloud-stream-tuple/1.0.0.M2/spring-cloud-stream-tuple-1.0.0.M2.jar
7f3ac8c52000-7f3ac8c5c000 r--s 00052000 08:01 811234                     /home/vagrant/.m2/repository/org/springframework/spring-messaging/4.2.2.RELEASE/spring-messaging-4.2.2.RELEASE.jar
7f3ac8c5c000-7f3ac8c5f000 r--s 00011000 08:01 1061519                    /home/vagrant/.m2/repository/org/springframework/cloud/spring-cloud-stream/1.0.0.M2/spring-cloud-stream-1.0.0.M2.jar
7f3ac8c5f000-7f3ac8c74000 r--s 000f2000 08:01 1846241                    /home/vagrant/.m2/repository/org/springframework/spring-core/4.2.3.RELEASE/spring-core-4.2.3.RELEASE.jar
7f3ac8c74000-7f3ac8c76000 r--s 00009000 08:01 1061432                    /home/vagrant/.m2/repository/org/objenesis/objenesis/2.1/objenesis-2.1.jar
7f3ac8c76000-7f3ac8c78000 r--s 00006000 08:01 1061428                    /home/vagrant/.m2/repository/com/google/code/findbugs/jsr305/2.0.0/jsr305-2.0.0.jar
7f3ac8c78000-7f3ac8c7e000 r--s 00048000 08:01 1059170                    /home/vagrant/.m2/repository/org/apache/commons/commons-lang3/3.1/commons-lang3-3.1.jar
7f3ac8c7e000-7f3ac8ca9000 r--s 001fc000 08:01 1060433                    /home/vagrant/.m2/repository/com/google/guava/guava/18.0/guava-18.0.jar
7f3ac8ca9000-7f3ac8cad000 r--s 00019000 08:01 1061427                    /home/vagrant/.m2/repository/org/aspectj/aspectjrt/1.8.7/aspectjrt-1.8.7.jar
7f3ac8cad000-7f3ac8cc6000 r--s 001af000 08:01 1061426                    /home/vagrant/.m2/repository/org/aspectj/aspectjweaver/1.8.7/aspectjweaver-1.8.7.jar
7f3ac8cc6000-7f3ac8cca000 r--s 00010000 08:01 2098178                    /home/vagrant/.m2/repository/com/netflix/hystrix/hystrix-javanica/1.4.18/hystrix-javanica-1.4.18.jar
7f3ac8cca000-7f3ac8ccc000 r--s 00003000 08:01 2098175                    /home/vagrant/.m2/repository/com/netflix/hystrix/hystrix-metrics-event-stream/1.4.18/hystrix-metrics-event-stream-1.4.18.jar
7f3ac8ccc000-7f3ac8cd4000 r--s 0003f000 08:01 2098176                    /home/vagrant/.m2/repository/com/netflix/hystrix/hystrix-core/1.4.18/hystrix-core-1.4.18.jar
7f3ac8cd4000-7f3ac8cd5000 r--s 00000000 08:01 1061396                    /home/vagrant/.m2/repository/org/springframework/cloud/spring-cloud-starter-hystrix/1.1.0.M2/spring-cloud-starter-hystrix-1.1.0.M2.jar
7f3ac8cd5000-7f3ac8cd7000 r--s 00005000 08:01 1468509                    /home/vagrant/.m2/repository/xpp3/xpp3_min/1.1.4c/xpp3_min-1.1.4c.jar
7f3ac8cd7000-7f3ac8cd8000 r--s 00001000 08:01 1468507                    /home/vagrant/.m2/repository/xmlpull/xmlpull/1.1.3.1/xmlpull-1.1.3.1.jar
7f3ac8cd8000-7f3ac8ce4000 r--s 0006a000 08:01 1977137                    /home/vagrant/.m2/repository/com/thoughtworks/xstream/xstream/1.4.2/xstream-1.4.2.jar
7f3ac8ce4000-7f3ac8cea000 r--s 00046000 08:01 2098171                    /home/vagrant/.m2/repository/io/netty/netty-transport/4.0.25.Final/netty-transport-4.0.25.Final.jar
7f3ac8cea000-7f3ac8cec000 r--s 00027000 08:01 2098168                    /home/vagrant/.m2/repository/io/netty/netty-buffer/4.0.25.Final/netty-buffer-4.0.25.Final.jar
7f3ac8cec000-7f3ac8cf4000 r--s 0005f000 08:01 2098167                    /home/vagrant/.m2/repository/io/netty/netty-common/4.0.25.Final/netty-common-4.0.25.Final.jar
7f3ac8cf4000-7f3ac8cf6000 r--s 0000f000 08:01 2098164                    /home/vagrant/.m2/repository/io/netty/netty-transport-native-epoll/4.0.25.Final/netty-transport-native-epoll-4.0.25.Final.jar
7f3ac8cf6000-7f3ac8cfb000 r--s 00034000 08:01 2098162                    /home/vagrant/.m2/repository/io/netty/netty-handler/4.0.25.Final/netty-handler-4.0.25.Final.jar
7f3ac8cfb000-7f3ac8cff000 r--s 0001f000 08:01 2098161                    /home/vagrant/.m2/repository/io/netty/netty-codec/4.0.25.Final/netty-codec-4.0.25.Final.jar
7f3ac8cff000-7f3ac8d07000 r--s 0005f000 08:01 2098159                    /home/vagrant/.m2/repository/io/netty/netty-codec-http/4.0.25.Final/netty-codec-http-4.0.25.Final.jar
7f3ac8d07000-7f3ac8d45000 r--s 003a2000 08:01 2098157                    /home/vagrant/.m2/repository/com/netflix/eureka/eureka2-client-shaded/2.0.0-rc.2/eureka2-client-shaded-2.0.0-rc.2.jar
7f3ac8d45000-7f3ac8d46000 r--s 00005000 08:01 2098154                    /home/vagrant/.m2/repository/com/netflix/ribbon/ribbon-eureka/2.1.0/ribbon-eureka-2.1.0.jar
7f3ac8d46000-7f3ac8d59000 r--s 000b9000 08:01 2098155                    /home/vagrant/.m2/repository/io/reactivex/rxjava/1.0.14/rxjava-1.0.14.jar
7f3ac8d59000-7f3ac8d5b000 r--s 00002000 08:01 1841386                    /home/vagrant/.m2/repository/com/netflix/netflix-commons/netflix-statistics/0.1.1/netflix-statistics-0.1.1.jar
7f3ac8d5b000-7f3ac8d5e000 r--s 00023000 08:01 2098153                    /home/vagrant/.m2/repository/com/netflix/ribbon/ribbon-loadbalancer/2.1.0/ribbon-loadbalancer-2.1.0.jar
7f3ac8d5e000-7f3ac8d5f000 r--s 00001000 08:01 1841452                    /home/vagrant/.m2/repository/com/netflix/netflix-commons/netflix-commons-util/0.1.1/netflix-commons-util-0.1.1.jar
7f3ac8d5f000-7f3ac8d6d000 r--s 0007f000 08:01 1191718                    /home/vagrant/.m2/repository/commons-collections/commons-collections/3.2.1/commons-collections-3.2.1.jar
7f3ac8d6d000-7f3ac8d6f000 r--s 0000c000 08:01 2098152                    /home/vagrant/.m2/repository/com/netflix/ribbon/ribbon-httpclient/2.1.0/ribbon-httpclient-2.1.0.jar
7f3ac8d6f000-7f3ac8d74000 r--s 00041000 08:01 1190767                    /home/vagrant/.m2/repository/commons-lang/commons-lang/2.6/commons-lang-2.6.jar
7f3ac8d74000-7f3ac8d78000 r--s 00011000 08:01 1977134                    /home/vagrant/.m2/repository/com/netflix/ribbon/ribbon-core/2.1.0/ribbon-core-2.1.0.jar
7f3ac8d78000-7f3ac8d82000 r--s 00059000 08:01 1841382                    /home/vagrant/.m2/repository/io/reactivex/rxnetty/0.4.9/rxnetty-0.4.9.jar
7f3ac8d82000-7f3ac8d84000 r--s 00006000 08:01 1841440                    /home/vagrant/.m2/repository/io/reactivex/rxnetty-servo/0.4.9/rxnetty-servo-0.4.9.jar
7f3ac8d84000-7f3ac8d87000 r--s 0000b000 08:01 1841430                    /home/vagrant/.m2/repository/io/reactivex/rxnetty-contexts/0.4.9/rxnetty-contexts-0.4.9.jar
7f3ac8d87000-7f3ac8d88000 r--s 00009000 08:01 1977133                    /home/vagrant/.m2/repository/com/netflix/ribbon/ribbon-transport/2.1.0/ribbon-transport-2.1.0.jar
7f3ac8d88000-7f3ac8d8b000 r--s 00013000 08:01 1846260                    /home/vagrant/.m2/repository/com/netflix/ribbon/ribbon/2.1.0/ribbon-2.1.0.jar
7f3ac8d8b000-7f3ac8d8c000 r--s 00000000 08:01 1846239                    /home/vagrant/.m2/repository/org/springframework/cloud/spring-cloud-starter-ribbon/1.1.0.M2/spring-cloud-starter-ribbon-1.1.0.M2.jar
7f3ac8d8c000-7f3ac8d8e000 r--s 00003000 08:01 2098150                    /home/vagrant/.m2/repository/com/netflix/governator/governator-annotations/1.7.5/governator-annotations-1.7.5.jar
7f3ac8d8e000-7f3ac8d8f000 r--s 00000000 08:01 1841310                    /home/vagrant/.m2/repository/javax/inject/javax.inject/1/javax.inject-1.jar
7f3ac8d8f000-7f3ac8d9d000 r--s 00096000 08:01 1719697                    /home/vagrant/.m2/repository/com/google/inject/guice/4.0/guice-4.0.jar
7f3ac8d9d000-7f3ac8da4000 r--s 0003a000 08:01 1061422                    /home/vagrant/.m2/repository/commons-codec/commons-codec/1.9/commons-codec-1.9.jar
7f3ac8da4000-7f3ac8dab000 r--s 00049000 08:01 1061421                    /home/vagrant/.m2/repository/org/apache/httpcomponents/httpcore/4.4.4/httpcore-4.4.4.jar
7f3ac8dab000-7f3ac8db8000 r--s 000a6000 08:01 1061420                    /home/vagrant/.m2/repository/org/apache/httpcomponents/httpclient/4.5.1/httpclient-4.5.1.jar
7f3ac8db8000-7f3ac8dba000 r--s 00003000 08:01 1977128                    /home/vagrant/.m2/repository/com/sun/jersey/contribs/jersey-apache-client4/1.19/jersey-apache-client4-1.19.jar
7f3ac8dba000-7f3ac8dbd000 r--s 0001e000 08:01 1977127                    /home/vagrant/.m2/repository/com/sun/jersey/jersey-client/1.19/jersey-client-1.19.jar
7f3ac8dbd000-7f3ac8dc7000 r--s 00061000 08:01 1977123                    /home/vagrant/.m2/repository/com/sun/jersey/jersey-core/1.19/jersey-core-1.19.jar
7f3ac8dc7000-7f3ac8dcb000 r--s 00027000 08:01 1977122                    /home/vagrant/.m2/repository/com/netflix/servo/servo-internal/0.9.4/servo-internal-0.9.4.jar
7f3ac8dcb000-7f3ac8dd0000 r--s 00032000 08:01 1977125                    /home/vagrant/.m2/repository/com/netflix/servo/servo-core/0.9.4/servo-core-0.9.4.jar
7f3ac8dd0000-7f3ac8dd2000 r--s 0000a000 08:01 1586691                    /home/vagrant/.m2/repository/javax/ws/rs/jsr311-api/1.1.1/jsr311-api-1.1.1.jar
7f3ac8dd2000-7f3ac8dd4000 r--s 0000e000 08:01 1061417                    /home/vagrant/.m2/repository/commons-logging/commons-logging/1.1.3/commons-logging-1.1.3.jar
7f3ac8dd4000-7f3ac8ddb000 r--s 00050000 08:01 1060435                    /home/vagrant/.m2/repository/commons-configuration/commons-configuration/1.8/commons-configuration-1.8.jar
7f3ac8ddb000-7f3ac8ddf000 r--s 0001e000 08:01 1977119                    /home/vagrant/.m2/repository/com/netflix/archaius/archaius-core/0.7.1/archaius-core-0.7.1.jar
7f3ac8ddf000-7f3ac8de1000 r--s 0000f000 08:01 1977118                    /home/vagrant/.m2/repository/com/netflix/netflix-commons/netflix-eventbus/0.1.2/netflix-eventbus-0.1.2.jar
7f3ac8de1000-7f3ac8de3000 r--s 00005000 08:01 930213                     /home/vagrant/.m2/repository/stax/stax-api/1.0.1/stax-api-1.0.1.jar
7f3ac8de3000-7f3ac8de6000 r--s 00012000 08:01 673275                     /home/vagrant/.m2/repository/org/codehaus/jettison/jettison/1.3.7/jettison-1.3.7.jar
7f3ac8de6000-7f3ac8dec000 r--s 0003e000 08:01 1977117                    /home/vagrant/.m2/repository/com/netflix/eureka/eureka-client/1.2.5/eureka-client-1.2.5.jar
7f3ac8dec000-7f3ac8df3000 r--s 0003a000 08:01 1977115                    /home/vagrant/.m2/repository/org/springframework/cloud/spring-cloud-netflix-core/1.1.0.M2/spring-cloud-netflix-core-1.1.0.M2.jar
7f3ac8df3000-7f3ac8df6000 r--s 0000a000 08:01 1846237                    /home/vagrant/.m2/repository/org/springframework/cloud/spring-cloud-commons/1.1.0.M2/spring-cloud-commons-1.1.0.M2.jar
7f3ac8df6000-7f3ac8df8000 r--s 00009000 08:01 1977110                    /home/vagrant/.m2/repository/org/springframework/security/spring-security-crypto/4.0.2.RELEASE/spring-security-crypto-4.0.2.RELEASE.jar
7f3ac8df8000-7f3ac8dfc000 r--s 00011000 08:01 1977111                    /home/vagrant/.m2/repository/org/springframework/cloud/spring-cloud-context/1.1.0.M2/spring-cloud-context-1.1.0.M2.jar
7f3ac8dfc000-7f3ac8dfd000 r--s 00000000 08:01 1846235                    /home/vagrant/.m2/repository/org/springframework/cloud/spring-cloud-starter/1.1.0.M2/spring-cloud-starter-1.1.0.M2.jar
7f3ac8dfd000-7f3ac8dfe000 r--s 00000000 08:01 1061394                    /home/vagrant/.m2/repository/org/springframework/cloud/spring-cloud-starter-eureka/1.1.0.M2/spring-cloud-starter-eureka-1.1.0.M2.jar
7f3ac8dfe000-7f3ac8e00000 r--s 00017000 08:01 1061413                    /home/vagrant/.m2/repository/com/spatial4j/spatial4j/0.4.1/spatial4j-0.4.1.jar
7f3ac8e00000-7f3ac8e0d000 r--s 00060000 08:01 1977109                    /home/vagrant/.m2/repository/org/springframework/boot/spring-boot-actuator/1.3.0.RELEASE/spring-boot-actuator-1.3.0.RELEASE.jar
7f3ac8e0d000-7f3ac8e0e000 r--s 00000000 08:01 1846231                    /home/vagrant/.m2/repository/org/springframework/boot/spring-boot-starter-actuator/1.3.0.RELEASE/spring-boot-starter-actuator-1.3.0.RELEASE.jar
7f3ac8e0e000-7f3ac8e23000 r--s 00145000 08:01 1061412                    /home/vagrant/.m2/repository/org/projectlombok/lombok/1.16.12/lombok-1.16.12.jar
7f3ac8e23000-7f3ac8e25000 r--s 00003000 08:01 1061411                    /home/vagrant/.m2/repository/org/slf4j/jcl-over-slf4j/1.7.13/jcl-over-slf4j-1.7.13.jar
7f3ac8e25000-7f3ac8e27000 r--s 00007000 08:01 931710                     /home/vagrant/.m2/repository/org/slf4j/slf4j-api/1.7.13/slf4j-api-1.7.13.jar
7f3ac8e27000-7f3ac8e29000 r--s 00058000 08:01 1846230                    /home/vagrant/.m2/repository/org/springframework/data/spring-data-rest-hal-browser/2.4.0.RELEASE/spring-data-rest-hal-browser-2.4.0.RELEASE.jar
7f3ac8e29000-7f3ac8e2a000 r--s 00002000 08:01 1061408                    /home/vagrant/.m2/repository/com/github/fge/btf/1.2/btf-1.2.jar
7f3ac8e2a000-7f3ac8e2c000 r--s 00008000 08:01 1061405                    /home/vagrant/.m2/repository/com/github/fge/msg-simple/1.1/msg-simple-1.1.jar
7f3ac8e2c000-7f3ac8e2e000 r--s 00006000 08:01 1061404                    /home/vagrant/.m2/repository/com/github/fge/jackson-coreutils/1.6/jackson-coreutils-1.6.jar
7f3ac8e2e000-7f3ac8e30000 r--s 00009000 08:01 1061403                    /home/vagrant/.m2/repository/com/github/fge/json-patch/1.7/json-patch-1.7.jar
7f3ac8e30000-7f3ac8e32000 r--s 00002000 08:01 1061401                    /home/vagrant/.m2/repository/org/atteo/evo-inflector/1.2.1/evo-inflector-1.2.1.jar
7f3ac8e32000-7f3ac8e33000 r--s 00004000 08:01 931706                     /home/vagrant/.m2/repository/org/springframework/plugin/spring-plugin-core/1.2.0.RELEASE/spring-plugin-core-1.2.0.RELEASE.jar
7f3ac8e33000-7f3ac8e38000 r--s 00027000 08:01 811148                     /home/vagrant/.m2/repository/org/springframework/hateoas/spring-hateoas/0.19.0.RELEASE/spring-hateoas-0.19.0.RELEASE.jar
7f3ac8e38000-7f3ac8e3c000 r--s 00017000 08:01 1846226                    /home/vagrant/.m2/repository/org/springframework/data/spring-data-rest-core/2.4.0.RELEASE/spring-data-rest-core-2.4.0.RELEASE.jar
7f3ac8e3c000-7f3ac8e41000 r--s 00033000 08:01 1846224                    /home/vagrant/.m2/repository/org/springframework/data/spring-data-rest-webmvc/2.4.0.RELEASE/spring-data-rest-webmvc-2.4.0.RELEASE.jar
7f3ac8e41000-7f3ac8e44000 r--s 00009000 08:01 1846257                    /home/vagrant/.m2/repository/com/fasterxml/jackson/core/jackson-annotations/2.6.3/jackson-annotations-2.6.3.jar
7f3ac8e44000-7f3ac8e45000 r--s 00000000 08:01 1061392                    /home/vagrant/.m2/repository/org/springframework/boot/spring-boot-starter-data-rest/1.3.0.RELEASE/spring-boot-starter-data-rest-1.3.0.RELEASE.jar
7f3ac8e45000-7f3ac8e55000 r--s 0008c000 08:01 1846229                    /home/vagrant/.m2/repository/org/springframework/data/spring-data-commons/1.11.0.RELEASE/spring-data-commons-1.11.0.RELEASE.jar
7f3ac8e55000-7f3ac8e5c000 r--s 0003a000 08:01 811146                     /home/vagrant/.m2/repository/org/springframework/spring-tx/4.2.2.RELEASE/spring-tx-4.2.2.RELEASE.jar
7f3ac8e5c000-7f3ac8e6b000 r--s 00091000 08:01 1846223                    /home/vagrant/.m2/repository/org/springframework/data/spring-data-mongodb/1.8.0.RELEASE/spring-data-mongodb-1.8.0.RELEASE.jar
7f3ac8e6b000-7f3ac8e75000 r--s 0008a000 08:01 1061400                    /home/vagrant/.m2/repository/org/mongodb/mongo-java-driver/2.13.3/mongo-java-driver-2.13.3.jar
7f3ac8e75000-7f3ac8e76000 r--s 00000000 08:01 1061390                    /home/vagrant/.m2/repository/org/springframework/boot/spring-boot-starter-data-mongodb/1.3.0.RELEASE/spring-boot-starter-data-mongodb-1.3.0.RELEASE.jar
7f3ac8e76000-7f3ac8e7b000 r--s 0003c000 08:01 1846218                    /home/vagrant/.m2/repository/org/springframework/spring-expression/4.2.2.RELEASE/spring-expression-4.2.2.RELEASE.jar
7f3ac8e7b000-7f3ac8e8c000 r--s 000c5000 08:01 1846214                    /home/vagrant/.m2/repository/org/springframework/spring-webmvc/4.2.2.RELEASE/spring-webmvc-4.2.2.RELEASE.jar
7f3ac8e8c000-7f3ac8ea5000 r--s 000f1000 08:01 1846212                    /home/vagrant/.m2/repository/org/springframework/spring-context/4.2.2.RELEASE/spring-context-4.2.2.RELEASE.jar
7f3ac8ea5000-7f3ac8eb3000 r--s 000a5000 08:01 1846213                    /home/vagrant/.m2/repository/org/springframework/spring-beans/4.2.2.RELEASE/spring-beans-4.2.2.RELEASE.jar
7f3ac8eb3000-7f3ac8eb5000 r--s 00000000 08:01 1841388                    /home/vagrant/.m2/repository/aopalliance/aopalliance/1.0/aopalliance-1.0.jar
7f3ac8eb5000-7f3ac8ebe000 r--s 00051000 08:01 1846211                    /home/vagrant/.m2/repository/org/springframework/spring-aop/4.2.2.RELEASE/spring-aop-4.2.2.RELEASE.jar
7f3ac8ebe000-7f3ac8ecf000 r--s 000ab000 08:01 1846215                    /home/vagrant/.m2/repository/org/springframework/spring-web/4.2.2.RELEASE/spring-web-4.2.2.RELEASE.jar
7f3ac8ecf000-7f3ac8ed3000 r--s 0003c000 08:01 1846254                    /home/vagrant/.m2/repository/com/fasterxml/jackson/core/jackson-core/2.6.3/jackson-core-2.6.3.jar
7f3ac8ed3000-7f3ac8ee4000 r--s 0010d000 08:01 1846251                    /home/vagrant/.m2/repository/com/fasterxml/jackson/core/jackson-databind/2.6.3/jackson-databind-2.6.3.jar
7f3ac8ee4000-7f3ac8ee6000 r--s 0000e000 08:01 1846250                    /home/vagrant/.m2/repository/com/fasterxml/classmate/1.1.0/classmate-1.1.0.jar
7f3ac8ee6000-7f3ac8ee8000 r--s 0000f000 08:01 1841342                    /home/vagrant/.m2/repository/org/jboss/logging/jboss-logging/3.3.0.Final/jboss-logging-3.3.0.Final.jar
7f3ac8ee8000-7f3ac8eec000 r--s 0000c000 08:01 1841340                    /home/vagrant/.m2/repository/javax/validation/validation-api/1.1.0.Final/validation-api-1.1.0.Final.jar
7f3ac8eec000-7f3ac8efd000 r--s 0009a000 08:01 1588315                    /home/vagrant/.m2/repository/org/hibernate/hibernate-validator/5.2.2.Final/hibernate-validator-5.2.2.Final.jar
7f3ac8efd000-7f3ac8efe000 r--s 00000000 08:01 811144                     /home/vagrant/.m2/repository/org/springframework/boot/spring-boot-starter-validation/1.3.0.RELEASE/spring-boot-starter-validation-1.3.0.RELEASE.jar
7f3ac8efe000-7f3ac8f04000 r--s 00036000 08:01 1846248                    /home/vagrant/.m2/repository/org/apache/tomcat/embed/tomcat-embed-websocket/8.0.28/tomcat-embed-websocket-8.0.28.jar
7f3ac8f04000-7f3ac8f05000 r--s 00009000 08:01 1846246                    /home/vagrant/.m2/repository/org/apache/tomcat/embed/tomcat-embed-logging-juli/8.0.28/tomcat-embed-logging-juli-8.0.28.jar
7f3ac8f05000-7f3ac8f2a000 r--s 0028c000 08:01 1846245                    /home/vagrant/.m2/repository/org/apache/tomcat/embed/tomcat-embed-core/8.0.28/tomcat-embed-core-8.0.28.jar
7f3ac8f2a000-7f3ac8f2d000 ---p 00000000 00:00 0 
7f3ac8f2d000-7f3ac902b000 rw-p 00000000 00:00 0                          [stack:4875]
7f3ac902b000-7f3ac91b4000 r--p 00000000 08:01 27011                      /usr/lib/locale/locale-archive
7f3ac91b4000-7f3ac91b7000 ---p 00000000 00:00 0 
7f3ac91b7000-7f3ac92b5000 rw-p 00000000 00:00 0                          [stack:4869]
7f3ac92b5000-7f3ac92b8000 ---p 00000000 00:00 0 
7f3ac92b8000-7f3ac93b6000 rw-p 00000000 00:00 0                          [stack:4867]
7f3ac93b6000-7f3ac93b7000 ---p 00000000 00:00 0 
7f3ac93b7000-7f3aca3c6000 rw-p 00000000 00:00 0                          [stack:4866]
7f3aca3c6000-7f3aca59f000 r--s 03d5a000 08:01 408918                     /usr/lib/jvm/java-8-oracle/jre/lib/rt.jar
7f3aca59f000-7f3acef2a000 rw-p 00000000 00:00 0 
7f3acef2a000-7f3acef2b000 ---p 00000000 00:00 0 
7f3acef2b000-7f3acf02b000 rw-p 00000000 00:00 0                          [stack:4860]
7f3acf02b000-7f3acf02c000 ---p 00000000 00:00 0 
7f3acf02c000-7f3acf12c000 rw-p 00000000 00:00 0                          [stack:4859]
7f3acf12c000-7f3acf12d000 ---p 00000000 00:00 0 
7f3acf12d000-7f3acf22d000 rw-p 00000000 00:00 0                          [stack:4858]
7f3acf22d000-7f3acf22e000 ---p 00000000 00:00 0 
7f3acf22e000-7f3acf35f000 rw-p 00000000 00:00 0                          [stack:4857]
7f3acf35f000-7f3acf5c0000 ---p 00000000 00:00 0 
7f3acf5c0000-7f3acf5f1000 rw-p 00000000 00:00 0 
7f3acf5f1000-7f3acf852000 ---p 00000000 00:00 0 
7f3acf852000-7f3acf99b000 rw-p 00000000 00:00 0 
7f3acf99b000-7f3acf9ca000 rw-p 00000000 00:00 0 
7f3acf9ca000-7f3acfd5c000 ---p 00000000 00:00 0 
7f3acfd5c000-7f3ad08dc000 rwxp 00000000 00:00 0 
7f3ad08dc000-7f3aded5c000 ---p 00000000 00:00 0 
7f3aded5c000-7f3aded77000 r-xp 00000000 08:01 409076                     /usr/lib/jvm/java-8-oracle/jre/lib/amd64/libzip.so
7f3aded77000-7f3adef77000 ---p 0001b000 08:01 409076                     /usr/lib/jvm/java-8-oracle/jre/lib/amd64/libzip.so
7f3adef77000-7f3adef78000 rw-p 0001b000 08:01 409076                     /usr/lib/jvm/java-8-oracle/jre/lib/amd64/libzip.so
7f3adef78000-7f3adef82000 r-xp 00000000 08:01 3069                       /lib/x86_64-linux-gnu/libnss_files-2.19.so
7f3adef82000-7f3adf181000 ---p 0000a000 08:01 3069                       /lib/x86_64-linux-gnu/libnss_files-2.19.so
7f3adf181000-7f3adf182000 r--p 00009000 08:01 3069                       /lib/x86_64-linux-gnu/libnss_files-2.19.so
7f3adf182000-7f3adf183000 rw-p 0000a000 08:01 3069                       /lib/x86_64-linux-gnu/libnss_files-2.19.so
7f3adf183000-7f3adf18e000 r-xp 00000000 08:01 2961                       /lib/x86_64-linux-gnu/libnss_nis-2.19.so
7f3adf18e000-7f3adf38d000 ---p 0000b000 08:01 2961                       /lib/x86_64-linux-gnu/libnss_nis-2.19.so
7f3adf38d000-7f3adf38e000 r--p 0000a000 08:01 2961                       /lib/x86_64-linux-gnu/libnss_nis-2.19.so
7f3adf38e000-7f3adf38f000 rw-p 0000b000 08:01 2961                       /lib/x86_64-linux-gnu/libnss_nis-2.19.so
7f3adf38f000-7f3adf3a6000 r-xp 00000000 08:01 2918                       /lib/x86_64-linux-gnu/libnsl-2.19.so
7f3adf3a6000-7f3adf5a5000 ---p 00017000 08:01 2918                       /lib/x86_64-linux-gnu/libnsl-2.19.so
7f3adf5a5000-7f3adf5a6000 r--p 00016000 08:01 2918                       /lib/x86_64-linux-gnu/libnsl-2.19.so
7f3adf5a6000-7f3adf5a7000 rw-p 00017000 08:01 2918                       /lib/x86_64-linux-gnu/libnsl-2.19.so
7f3adf5a7000-7f3adf5a9000 rw-p 00000000 00:00 0 
7f3adf5a9000-7f3adf5b2000 r-xp 00000000 08:01 2929                       /lib/x86_64-linux-gnu/libnss_compat-2.19.so
7f3adf5b2000-7f3adf7b1000 ---p 00009000 08:01 2929                       /lib/x86_64-linux-gnu/libnss_compat-2.19.so
7f3adf7b1000-7f3adf7b2000 r--p 00008000 08:01 2929                       /lib/x86_64-linux-gnu/libnss_compat-2.19.so
7f3adf7b2000-7f3adf7b3000 rw-p 00009000 08:01 2929                       /lib/x86_64-linux-gnu/libnss_compat-2.19.so
7f3adf7b3000-7f3adf7bd000 r-xp 00000000 08:01 409112                     /usr/lib/jvm/java-8-oracle/jre/lib/amd64/libinstrument.so
7f3adf7bd000-7f3adf9bc000 ---p 0000a000 08:01 409112                     /usr/lib/jvm/java-8-oracle/jre/lib/amd64/libinstrument.so
7f3adf9bc000-7f3adf9bd000 rw-p 00009000 08:01 409112                     /usr/lib/jvm/java-8-oracle/jre/lib/amd64/libinstrument.so
7f3adf9bd000-7f3adf9e8000 r-xp 00000000 08:01 409089                     /usr/lib/jvm/java-8-oracle/jre/lib/amd64/libjava.so
7f3adf9e8000-7f3adfbe7000 ---p 0002b000 08:01 409089                     /usr/lib/jvm/java-8-oracle/jre/lib/amd64/libjava.so
7f3adfbe7000-7f3adfbe9000 rw-p 0002a000 08:01 409089                     /usr/lib/jvm/java-8-oracle/jre/lib/amd64/libjava.so
7f3adfbe9000-7f3adfbf6000 r-xp 00000000 08:01 409085                     /usr/lib/jvm/java-8-oracle/jre/lib/amd64/libverify.so
7f3adfbf6000-7f3adfdf6000 ---p 0000d000 08:01 409085                     /usr/lib/jvm/java-8-oracle/jre/lib/amd64/libverify.so
7f3adfdf6000-7f3adfdf8000 rw-p 0000d000 08:01 409085                     /usr/lib/jvm/java-8-oracle/jre/lib/amd64/libverify.so
7f3adfdf8000-7f3adfdff000 r-xp 00000000 08:01 2890                       /lib/x86_64-linux-gnu/librt-2.19.so
7f3adfdff000-7f3adfffe000 ---p 00007000 08:01 2890                       /lib/x86_64-linux-gnu/librt-2.19.so
7f3adfffe000-7f3adffff000 r--p 00006000 08:01 2890                       /lib/x86_64-linux-gnu/librt-2.19.so
7f3adffff000-7f3ae0000000 rw-p 00007000 08:01 2890                       /lib/x86_64-linux-gnu/librt-2.19.so
7f3ae0000000-7f3ae13a4000 rw-p 00000000 00:00 0 
7f3ae13a4000-7f3ae4000000 ---p 00000000 00:00 0 
7f3ae4000000-7f3ae4005000 r--s 00036000 08:01 1846244                    /home/vagrant/.m2/repository/org/apache/tomcat/embed/tomcat-embed-el/8.0.28/tomcat-embed-el-8.0.28.jar
7f3ae4005000-7f3ae400b000 r--s 0003c000 08:01 1473487                    /home/vagrant/.m2/repository/org/yaml/snakeyaml/1.16/snakeyaml-1.16.jar
7f3ae400b000-7f3ae4022000 r--s 0009e000 08:01 1061387                    /home/vagrant/.m2/repository/org/springframework/boot/spring-boot-autoconfigure/1.3.0.RELEASE/spring-boot-autoconfigure-1.3.0.RELEASE.jar
7f3ae4022000-7f3ae402f000 r--s 00076000 08:01 1061386                    /home/vagrant/.m2/repository/org/springframework/boot/spring-boot/1.3.0.RELEASE/spring-boot-1.3.0.RELEASE.jar
7f3ae402f000-7f3ae4042000 r--s 00345000 08:01 409147                     /usr/lib/jvm/java-8-oracle/jre/lib/resources.jar
7f3ae4042000-7f3ae4055000 r--s 000d6000 08:01 408904                     /usr/lib/jvm/java-8-oracle/jre/lib/plugin.jar
7f3ae4055000-7f3ae405a000 r--s 0009a000 08:01 409160                     /usr/lib/jvm/java-8-oracle/jre/lib/jsse.jar
7f3ae405a000-7f3ae4075000 r--s 0020b000 08:01 408901                     /usr/lib/jvm/java-8-oracle/jre/lib/deploy.jar
7f3ae4075000-7f3ae40eb000 rw-p 00000000 00:00 0 
7f3ae40eb000-7f3ae41f0000 r-xp 00000000 08:01 2984                       /lib/x86_64-linux-gnu/libm-2.19.so
7f3ae41f0000-7f3ae43ef000 ---p 00105000 08:01 2984                       /lib/x86_64-linux-gnu/libm-2.19.so
7f3ae43ef000-7f3ae43f0000 r--p 00104000 08:01 2984                       /lib/x86_64-linux-gnu/libm-2.19.so
7f3ae43f0000-7f3ae43f1000 rw-p 00105000 08:01 2984                       /lib/x86_64-linux-gnu/libm-2.19.so
7f3ae43f1000-7f3ae50c4000 r-xp 00000000 08:01 409081                     /usr/lib/jvm/java-8-oracle/jre/lib/amd64/server/libjvm.so
7f3ae50c4000-7f3ae52c3000 ---p 00cd3000 08:01 409081                     /usr/lib/jvm/java-8-oracle/jre/lib/amd64/server/libjvm.so
7f3ae52c3000-7f3ae539d000 rw-p 00cd2000 08:01 409081                     /usr/lib/jvm/java-8-oracle/jre/lib/amd64/server/libjvm.so
7f3ae539d000-7f3ae53e8000 rw-p 00000000 00:00 0 
7f3ae53e8000-7f3ae55a6000 r-xp 00000000 08:01 3068                       /lib/x86_64-linux-gnu/libc-2.19.so
7f3ae55a6000-7f3ae57a6000 ---p 001be000 08:01 3068                       /lib/x86_64-linux-gnu/libc-2.19.so
7f3ae57a6000-7f3ae57aa000 r--p 001be000 08:01 3068                       /lib/x86_64-linux-gnu/libc-2.19.so
7f3ae57aa000-7f3ae57ac000 rw-p 001c2000 08:01 3068                       /lib/x86_64-linux-gnu/libc-2.19.so
7f3ae57ac000-7f3ae57b1000 rw-p 00000000 00:00 0 
7f3ae57b1000-7f3ae57b4000 r-xp 00000000 08:01 2919                       /lib/x86_64-linux-gnu/libdl-2.19.so
7f3ae57b4000-7f3ae59b3000 ---p 00003000 08:01 2919                       /lib/x86_64-linux-gnu/libdl-2.19.so
7f3ae59b3000-7f3ae59b4000 r--p 00002000 08:01 2919                       /lib/x86_64-linux-gnu/libdl-2.19.so
7f3ae59b4000-7f3ae59b5000 rw-p 00003000 08:01 2919                       /lib/x86_64-linux-gnu/libdl-2.19.so
7f3ae59b5000-7f3ae59cb000 r-xp 00000000 08:01 408203                     /usr/lib/jvm/java-8-oracle/lib/amd64/jli/libjli.so
7f3ae59cb000-7f3ae5bca000 ---p 00016000 08:01 408203                     /usr/lib/jvm/java-8-oracle/lib/amd64/jli/libjli.so
7f3ae5bca000-7f3ae5bcb000 rw-p 00015000 08:01 408203                     /usr/lib/jvm/java-8-oracle/lib/amd64/jli/libjli.so
7f3ae5bcb000-7f3ae5be4000 r-xp 00000000 08:01 2964                       /lib/x86_64-linux-gnu/libpthread-2.19.so
7f3ae5be4000-7f3ae5de3000 ---p 00019000 08:01 2964                       /lib/x86_64-linux-gnu/libpthread-2.19.so
7f3ae5de3000-7f3ae5de4000 r--p 00018000 08:01 2964                       /lib/x86_64-linux-gnu/libpthread-2.19.so
7f3ae5de4000-7f3ae5de5000 rw-p 00019000 08:01 2964                       /lib/x86_64-linux-gnu/libpthread-2.19.so
7f3ae5de5000-7f3ae5de9000 rw-p 00000000 00:00 0 
7f3ae5de9000-7f3ae5e0c000 r-xp 00000000 08:01 2874                       /lib/x86_64-linux-gnu/ld-2.19.so
7f3ae5e0c000-7f3ae5e0d000 r--s 00000000 08:01 1846209                    /home/vagrant/.m2/repository/org/springframework/boot/spring-boot-starter-tomcat/1.3.0.RELEASE/spring-boot-starter-tomcat-1.3.0.RELEASE.jar
7f3ae5e0d000-7f3ae5e0e000 r--s 00000000 08:01 811142                     /home/vagrant/.m2/repository/org/springframework/boot/spring-boot-starter/1.3.0.RELEASE/spring-boot-starter-1.3.0.RELEASE.jar
7f3ae5e0e000-7f3ae5e0f000 r--s 00000000 08:01 1588313                    /home/vagrant/.m2/repository/org/springframework/boot/spring-boot-starter-web/1.3.0.RELEASE/spring-boot-starter-web-1.3.0.RELEASE.jar
7f3ae5e0f000-7f3ae5e11000 r--s 00007000 08:01 409229                     /usr/lib/jvm/java-8-oracle/jre/lib/jfxswt.jar
7f3ae5e11000-7f3ae5e16000 r--s 00084000 08:01 408899                     /usr/lib/jvm/java-8-oracle/jre/lib/jfr.jar
7f3ae5e16000-7f3ae5e20000 r--s 0006c000 08:01 409138                     /usr/lib/jvm/java-8-oracle/jre/lib/javaws.jar
7f3ae5e20000-7f3ae5e25000 r--s 002f9000 08:01 408919                     /usr/lib/jvm/java-8-oracle/jre/lib/charsets.jar
7f3ae5e25000-7f3ae5ef6000 rw-p 00000000 00:00 0 
7f3ae5ef6000-7f3ae5ef9000 ---p 00000000 00:00 0 
7f3ae5ef9000-7f3ae5ffb000 rw-p 00000000 00:00 0                          [stack:4855]
7f3ae5ffb000-7f3ae5ffc000 r--s 00000000 08:01 409149                     /usr/lib/jvm/java-8-oracle/jre/lib/management-agent.jar
7f3ae5ffc000-7f3ae5fff000 r--s 0001a000 08:01 409230                     /usr/lib/jvm/java-8-oracle/jre/lib/jce.jar
7f3ae5fff000-7f3ae6007000 rw-s 00000000 08:01 414000                     /tmp/hsperfdata_vagrant/4853
7f3ae6007000-7f3ae6008000 rw-p 00000000 00:00 0 
7f3ae6008000-7f3ae6009000 r--p 00000000 00:00 0 
7f3ae6009000-7f3ae600b000 rw-p 00000000 00:00 0 
7f3ae600b000-7f3ae600c000 r--p 00022000 08:01 2874                       /lib/x86_64-linux-gnu/ld-2.19.so
7f3ae600c000-7f3ae600d000 rw-p 00023000 08:01 2874                       /lib/x86_64-linux-gnu/ld-2.19.so
7f3ae600d000-7f3ae600e000 rw-p 00000000 00:00 0 
7ffdc48a4000-7ffdc48c9000 rw-p 00000000 00:00 0                          [stack]
7ffdc49f8000-7ffdc49fa000 r-xp 00000000 00:00 0                          [vdso]
ffffffffff600000-ffffffffff601000 r-xp 00000000 00:00 0                  [vsyscall]

VM Arguments:
jvm_args: -XX:TieredStopAtLevel=1 -Xverify:none -Dspring.output.ansi.enabled=always -Dcom.sun.management.jmxremote -Dcom.sun.management.jmxremote.port=43812 -Dcom.sun.management.jmxremote.authenticate=false -Dcom.sun.management.jmxremote.ssl=false -Dspring.liveBeansView.mbeanDomain -Dspring.application.admin.enabled=true -javaagent:/usr/local/idea/idea-IU-172.4343.14/lib/idea_rt.jar=40356:/usr/local/idea/idea-IU-172.4343.14/bin -Dfile.encoding=UTF-8 
java_command: skadihouse.HouseInfoDistributionServiceApplication
java_class_path (initial): /usr/lib/jvm/java-8-oracle/jre/lib/charsets.jar:/usr/lib/jvm/java-8-oracle/jre/lib/deploy.jar:/usr/lib/jvm/java-8-oracle/jre/lib/ext/cldrdata.jar:/usr/lib/jvm/java-8-oracle/jre/lib/ext/dnsns.jar:/usr/lib/jvm/java-8-oracle/jre/lib/ext/jaccess.jar:/usr/lib/jvm/java-8-oracle/jre/lib/ext/jfxrt.jar:/usr/lib/jvm/java-8-oracle/jre/lib/ext/localedata.jar:/usr/lib/jvm/java-8-oracle/jre/lib/ext/nashorn.jar:/usr/lib/jvm/java-8-oracle/jre/lib/ext/sunec.jar:/usr/lib/jvm/java-8-oracle/jre/lib/ext/sunjce_provider.jar:/usr/lib/jvm/java-8-oracle/jre/lib/ext/sunpkcs11.jar:/usr/lib/jvm/java-8-oracle/jre/lib/ext/zipfs.jar:/usr/lib/jvm/java-8-oracle/jre/lib/javaws.jar:/usr/lib/jvm/java-8-oracle/jre/lib/jce.jar:/usr/lib/jvm/java-8-oracle/jre/lib/jfr.jar:/usr/lib/jvm/java-8-oracle/jre/lib/jfxswt.jar:/usr/lib/jvm/java-8-oracle/jre/lib/jsse.jar:/usr/lib/jvm/java-8-oracle/jre/lib/management-agent.jar:/usr/lib/jvm/java-8-oracle/jre/lib/plugin.jar:/usr/lib/jvm/java-8-oracle/jre/lib/resources.jar:/usr/lib/jvm/java-8-oracle/jre/lib/rt.jar:/home/vagrant/workspace/Spring-Cloud-SkadiHouse/House-Info-Distribution-Service/target/classes:/home/vagrant/.m2/repository/org/springframework/boot/spring-boot-starter-web/1.3.0.RELEASE/spring-boot-starter-web-1.3.0.RELEASE.jar:/home/vagrant/.m2/repository/org/springframework/boot/spring-boot-starter/1.3.0.RELEASE/spring-boot-starter-1.3.0.RELEASE.jar:/home/vagrant/.m2/repository/org/springframework/boot/spring-boot/1.3.0.RELEASE/spring-boot-1.3.0.RELEASE.jar:/home/vagrant/.m2/repository/org/springframework/boot/spring-boot-autoconfigure/1.3.0.RELEASE/spring-boot-autoconfigure-1.3.0.RELEASE.jar:/home/vagrant/.m2/repository/org/yaml/snakeyaml/1.16/snakeyaml-1.16.jar:/home/vagrant/.m2/repository/org/springframework/boot/spring-boot-starter-tomcat/1.3.0.RELEASE/spring-boot-starter-tomcat-1.3.0.RELEASE.jar:/home/vagrant/.m2/repository/org/apache/tomcat/embed/tomcat-embed-core/8.0.28/tomcat-embed-core-8.0.28.jar:/home/vagrant/.m2/reposi
Launcher Type: SUN_STANDARD

Environment Variables:
JAVA_HOME=/usr/lib/jvm/java-8-oracle
PATH=/usr/local/sbin:/usr/local/bin:/usr/sbin:/usr/bin:/sbin:/bin:/usr/games:/usr/local/games:/usr/lib/jvm/java-8-oracle/bin:/usr/lib/jvm/java-8-oracle/db/bin:/usr/lib/jvm/java-8-oracle/jre/bin
LD_LIBRARY_PATH=/usr/local/idea/idea-IU-172.4343.14/bin:/usr/local/idea/idea-IU-172.4343.14/bin:
SHELL=/bin/zsh
DISPLAY=:0.0

Signal Handlers:
SIGSEGV: [libjvm.so+0xacbe10], sa_mask[0]=11111111011111111101111111111110, sa_flags=SA_RESTART|SA_SIGINFO
SIGBUS: [libjvm.so+0xacbe10], sa_mask[0]=11111111011111111101111111111110, sa_flags=SA_RESTART|SA_SIGINFO
SIGFPE: [libjvm.so+0x924f90], sa_mask[0]=11111111011111111101111111111110, sa_flags=SA_RESTART|SA_SIGINFO
SIGPIPE: [libjvm.so+0x924f90], sa_mask[0]=11111111011111111101111111111110, sa_flags=SA_RESTART|SA_SIGINFO
SIGXFSZ: [libjvm.so+0x924f90], sa_mask[0]=11111111011111111101111111111110, sa_flags=SA_RESTART|SA_SIGINFO
SIGILL: [libjvm.so+0x924f90], sa_mask[0]=11111111011111111101111111111110, sa_flags=SA_RESTART|SA_SIGINFO
SIGUSR1: SIG_DFL, sa_mask[0]=00000000000000000000000000000000, sa_flags=none
SIGUSR2: [libjvm.so+0x9267d0], sa_mask[0]=00100000000000000000000000000000, sa_flags=SA_RESTART|SA_SIGINFO
SIGHUP: SIG_IGN, sa_mask[0]=00000000000000000000000000000000, sa_flags=none
SIGINT: [libjvm.so+0x927bd0], sa_mask[0]=11111111011111111101111111111110, sa_flags=SA_RESTART|SA_SIGINFO
SIGTERM: [libjvm.so+0x927bd0], sa_mask[0]=11111111011111111101111111111110, sa_flags=SA_RESTART|SA_SIGINFO
SIGQUIT: [libjvm.so+0x927bd0], sa_mask[0]=11111111011111111101111111111110, sa_flags=SA_RESTART|SA_SIGINFO


---------------  S Y S T E M  ---------------

OS:DISTRIB_ID=Ubuntu
DISTRIB_RELEASE=14.04
DISTRIB_CODENAME=trusty
DISTRIB_DESCRIPTION="Ubuntu 14.04.5 LTS"

uname:Linux 3.13.0-137-generic #186-Ubuntu SMP Mon Dec 4 19:09:19 UTC 2017 x86_64
libc:glibc 2.19 NPTL 2.19 
rlimit: STACK 8192k, CORE 0k, NPROC 63063, NOFILE 4096, AS infinity
load average:186.77 80.88 31.19

/proc/meminfo:
MemTotal:        8082508 kB
MemFree:         2245288 kB
Buffers:            4704 kB
Cached:           236036 kB
SwapCached:            0 kB
Active:          5409260 kB
Inactive:         221288 kB
Active(anon):    5391060 kB
Inactive(anon):   145104 kB
Active(file):      18200 kB
Inactive(file):    76184 kB
Unevictable:           4 kB
Mlocked:               4 kB
SwapTotal:             0 kB
SwapFree:              0 kB
Dirty:               476 kB
Writeback:             0 kB
AnonPages:       5390388 kB
Mapped:           173468 kB
Shmem:            145832 kB
Slab:              71552 kB
SReclaimable:      32240 kB
SUnreclaim:        39312 kB
KernelStack:        8040 kB
PageTables:        45652 kB
NFS_Unstable:          0 kB
Bounce:                0 kB
WritebackTmp:          0 kB
CommitLimit:     4041252 kB
Committed_AS:   11945312 kB
VmallocTotal:   34359738367 kB
VmallocUsed:       78728 kB
VmallocChunk:   34359650456 kB
HardwareCorrupted:     0 kB
AnonHugePages:   2318336 kB
HugePages_Total:       0
HugePages_Free:        0
HugePages_Rsvd:        0
HugePages_Surp:        0
Hugepagesize:       2048 kB
DirectMap4k:       51136 kB
DirectMap2M:     8243200 kB


CPU:total 4 (initial active 4) (4 cores per cpu, 1 threads per core) family 6 model 94 stepping 3, cmov, cx8, fxsr, mmx, sse, sse2, sse3, ssse3, sse4.1, sse4.2, popcnt, avx, aes, clmul, 3dnowpref, lzcnt, tsc, tscinvbit

/proc/cpuinfo:
processor	: 0
vendor_id	: GenuineIntel
cpu family	: 6
model		: 94
model name	: Intel(R) Core(TM) i7-6700K CPU @ 4.00GHz
stepping	: 3
cpu MHz		: 4008.151
cache size	: 8192 KB
physical id	: 0
siblings	: 4
core id		: 0
cpu cores	: 4
apicid		: 0
initial apicid	: 0
fpu		: yes
fpu_exception	: yes
cpuid level	: 22
wp		: yes
flags		: fpu vme de pse tsc msr pae mce cx8 apic sep mtrr pge mca cmov pat pse36 clflush mmx fxsr sse sse2 ht syscall nx rdtscp lm constant_tsc rep_good nopl xtopology nonstop_tsc pni pclmulqdq ssse3 cx16 sse4_1 sse4_2 movbe popcnt aes xsave avx rdrand lahf_lm abm 3dnowprefetch rdseed
bogomips	: 8016.30
clflush size	: 64
cache_alignment	: 64
address sizes	: 39 bits physical, 48 bits virtual
power management:

processor	: 1
vendor_id	: GenuineIntel
cpu family	: 6
model		: 94
model name	: Intel(R) Core(TM) i7-6700K CPU @ 4.00GHz
stepping	: 3
cpu MHz		: 4008.151
cache size	: 8192 KB
physical id	: 0
siblings	: 4
core id		: 1
cpu cores	: 4
apicid		: 1
initial apicid	: 1
fpu		: yes
fpu_exception	: yes
cpuid level	: 22
wp		: yes
flags		: fpu vme de pse tsc msr pae mce cx8 apic sep mtrr pge mca cmov pat pse36 clflush mmx fxsr sse sse2 ht syscall nx rdtscp lm constant_tsc rep_good nopl xtopology nonstop_tsc pni pclmulqdq ssse3 cx16 sse4_1 sse4_2 movbe popcnt aes xsave avx rdrand lahf_lm abm 3dnowprefetch rdseed
bogomips	: 8016.30
clflush size	: 64
cache_alignment	: 64
address sizes	: 39 bits physical, 48 bits virtual
power management:

processor	: 2
vendor_id	: GenuineIntel
cpu family	: 6
model		: 94
model name	: Intel(R) Core(TM) i7-6700K CPU @ 4.00GHz
stepping	: 3
cpu MHz		: 4008.151
cache size	: 8192 KB
physical id	: 0
siblings	: 4
core id		: 2
cpu cores	: 4
apicid		: 2
initial apicid	: 2
fpu		: yes
fpu_exception	: yes
cpuid level	: 22
wp		: yes
flags		: fpu vme de pse tsc msr pae mce cx8 apic sep mtrr pge mca cmov pat pse36 clflush mmx fxsr sse sse2 ht syscall nx rdtscp lm constant_tsc rep_good nopl xtopology nonstop_tsc pni pclmulqdq ssse3 cx16 sse4_1 sse4_2 movbe popcnt aes xsave avx rdrand lahf_lm abm 3dnowprefetch rdseed
bogomips	: 8016.30
clflush size	: 64
cache_alignment	: 64
address sizes	: 39 bits physical, 48 bits virtual
power management:

processor	: 3
vendor_id	: GenuineIntel
cpu family	: 6
model		: 94
model name	: Intel(R) Core(TM) i7-6700K CPU @ 4.00GHz
stepping	: 3
cpu MHz		: 4008.151
cache size	: 8192 KB
physical id	: 0
siblings	: 4
core id		: 3
cpu cores	: 4
apicid		: 3
initial apicid	: 3
fpu		: yes
fpu_exception	: yes
cpuid level	: 22
wp		: yes
flags		: fpu vme de pse tsc msr pae mce cx8 apic sep mtrr pge mca cmov pat pse36 clflush mmx fxsr sse sse2 ht syscall nx rdtscp lm constant_tsc rep_good nopl xtopology nonstop_tsc pni pclmulqdq ssse3 cx16 sse4_1 sse4_2 movbe popcnt aes xsave avx rdrand lahf_lm abm 3dnowprefetch rdseed
bogomips	: 8016.30
clflush size	: 64
cache_alignment	: 64
address sizes	: 39 bits physical, 48 bits virtual
power management:



Memory: 4k page, physical 8082508k(2245288k free), swap 0k(0k free)

vm_info: Java HotSpot(TM) 64-Bit Server VM (25.151-b12) for linux-amd64 JRE (1.8.0_151-b12), built on Sep  5 2017 19:20:58 by "java_re" with gcc 4.3.0 20080428 (Red Hat 4.3.0-8)

time: Tue Dec 19 00:26:50 2017
elapsed time: 274 seconds (0d 0h 4m 34s)

